[16:06:46] axona-relay v0.40.0 [EPHEMERAL] (kernel v4.16.0)
[16:06:46] node 89165c6c87141475487a915104570c03a24ed4aa15326d68406043b553981a9909
[16:06:46] region useast (33.38766721236327,-73.46516214265485)  bridge wss://testnet.axona.net
[16:06:46] ephemeral node — fresh id in useast (0x89); transport ids are never persisted (re-minted every start)
[16:06:47] bridge-socket-open {"bridgeUrl":"wss://testnet.axona.net"}
[16:06:47] bridge-welcome {"connId":"cx","version":"2.55.0","turn":true}
[16:06:47] pow-calibrate 77,736 H/s · mint@16b≈843ms 20b≈13489ms 24b≈215823ms · active diff transport=0 publish=0
[16:06:47] auth-bridge-complete {"bridgeNodeId":"804d470fcb81c65b15ae382e018c2e3454212863be831168f2708c3d81ab032c70"}
[16:06:47] started — meshing…
[16:06:47] metrics demand-driven (kernel METRICSON) — snapshots publish while a metric topic has subscribers
[16:06:47] bindPeer {"nodeId":"15944752323973804701774559700928722148890080562088596416901751768450228303286888","meshId":"c9"}
[16:06:47] auth-mesh-complete {"meshId":"c9","peer":"89b39a0098b640c45244a445347dcdce07ff3c80804bc6db8209255a459d11d268"}
[16:06:47] bindPeer {"nodeId":"15864053584498604878515198599511451168779180246191235524446068344201450575675102","meshId":"cc"}
[16:06:47] auth-mesh-complete {"meshId":"cc","peer":"89013022689212910445731bc19ea0bbe411e7bcbc95e57adec42eda47de0cbede"}
[16:06:47] bindPeer {"nodeId":"15929584463245583564982409860904430238961941733402686877231191029367024569498799","meshId":"ca"}
[16:06:47] auth-mesh-complete {"meshId":"ca","peer":"8992114c21a72dfca4e0975c0ebd3e6cb4c3ad1be4b4ee78fff7bb81cdbe8f3caf"}
[16:06:47] bindPeer {"nodeId":"15972812085017069282348808429796135637939370447934704162335704778011132844455284","meshId":"cd"}
[16:06:47] auth-mesh-complete {"meshId":"cd","peer":"89f1a343a7326749a9239e76201526eac5b065529845443ea52c781294dcde3574"}
[16:06:47] bindPeer {"nodeId":"15917586377466977497002465205554280043685071912418217289702712339083460227489039","meshId":"c3"}
[16:06:47] auth-mesh-complete {"meshId":"c3","peer":"89778a9f19fcfd0f5b4de64d7ad08698ae922cfa79a6f6597f9bfa08ce3df1dd0f"}
[16:06:47] bindPeer {"nodeId":"15975877571460873640262379170583418016314794805329544099043930662010765312940229","meshId":"c4"}
[16:06:47] auth-mesh-complete {"meshId":"c4","peer":"89f86a44a2eb418b9cf928e64ced79f71249a4d27b005422f47d90929b991e58c5"}
[16:06:47] bindPeer {"nodeId":"15907348194222139045568311274115340279457511857009420870325988411264188273694855","meshId":"c8"}
[16:06:47] auth-mesh-complete {"meshId":"c8","peer":"8960e803df5a1f433acf91d985e9a015e9f28709dc8e7b36645ed5b0cb57f49887"}
[16:06:47] bindPeer {"nodeId":"15877519320771930208792088468533321586440420548933913176870266386863919831711123","meshId":"c7"}
[16:06:47] auth-mesh-complete {"meshId":"c7","peer":"891ef57896a7f7e184f33f4ea188b2fab7c95f2c68a95bf81cf0f62ec74fa3fd93"}
[16:06:47] bindPeer {"nodeId":"15877062257991703113635850909533590433772408654734806652380058263908877000562298","meshId":"ce"}
[16:06:47] auth-mesh-complete {"meshId":"ce","peer":"891df2c85de641af44b568a781c6857a6a82f04322a66174d6ab6213cc10d8d67a"}
[16:06:47] bindPeer {"nodeId":"15891018626508878388395790443228721831884842255937776082441653164782231691310720","meshId":"c2"}
[16:06:47] auth-mesh-complete {"meshId":"c2","peer":"893ccdcead59e2358a8cdcf22db3ec157197bbb9188ecd86092f1241669ef5b680"}
[16:06:47] bindPeer {"nodeId":"15913795856429952688329970780367464756227222635463888628231351470210788405283040","meshId":"cb"}
[16:06:47] auth-mesh-complete {"meshId":"cb","peer":"896f29433a8a311714cf182f947406defdfe1d2b20356bf676ec756e225cf008e0"}
[16:06:47] hosting keyspace 0x89 — recruiting as a root for nearby topics
[16:06:48] bindPeer {"nodeId":"18613563669772924528234126362108385726904954810545686301902881097135483478189144","meshId":"c1"}
[16:06:48] auth-mesh-complete {"meshId":"c1","peer":"a0bff7b1b5562d0d7aacab2fc3487226a3e5b8cf9d15e051b98782b138d7b1a458"}
[16:06:48] state=open peers=13 synaptome=13 mesh(open/bound)=12/12 roles=0 subs=0
[16:06:48] bindPeer {"nodeId":"15909452982255273544148380075393758680784654459700363274691878647185302728196615","meshId":"cv"}
[16:06:48] auth-mesh-complete {"meshId":"cv","peer":"89658f486e89371bfddef09aed84ff8b9f619d0027c99ba503250983e2e5cfc207"}
[16:06:48] bindPeer {"nodeId":"15948212327538701246542401490255514236857212207908318465829663848296818332014819","meshId":"cu"}
[16:06:48] auth-mesh-complete {"meshId":"cu","peer":"89bb404b81c14c6d8f7ce0af20572f9ec907b9e86ce9a7d17b8cdd617949e218e3"}
[16:06:48] bindPeer {"nodeId":"15905432361858156441813824107149286391067599610836165753727147131861780280609667","meshId":"cw"}
[16:06:48] auth-mesh-complete {"meshId":"cw","peer":"895cabb1437867fa244f64ede90cf48dd607a6adf70b4c3b7b9196f8a09cdf8b83"}
[16:06:48] bindPeer {"nodeId":"15909047417010745078220836674527355595725188407670273141373354520099404475513801","meshId":"ct"}
[16:06:48] auth-mesh-complete {"meshId":"ct","peer":"8964a9bdbb8a7836aa0491e982ad8e1c548261a11783752d5245133570880fbbc9"}
[16:06:48] bindPeer {"nodeId":"15894694320336024600784785942951797502632398889839330377571440018252363395747459","meshId":"ci"}
[16:06:48] auth-mesh-complete {"meshId":"ci","peer":"8944ee2d22de38ba916066dc9981817e1204a53f6daaa5b91bf0867d53b043ce83"}
[16:06:48] bindPeer {"nodeId":"15916097098389677967183498030615146472155891145934573053461538916782226419451992","meshId":"cg"}
[16:06:48] auth-mesh-complete {"meshId":"cg","peer":"89743fb82ada25ef86f13c478bf7c690fdae5c4bfad7be2f4299a79a78a9678858"}
[16:06:48] bindPeer {"nodeId":"15909926214553763273726847538436657855530754343599738080043538914582346625056860","meshId":"ch"}
[16:06:48] auth-mesh-complete {"meshId":"ch","peer":"89669b1f780f01911e395f65decd97f7f62d0cbac99e2a7454054d770f7d76005c"}
[16:06:48] bindPeer {"nodeId":"15898333523344555080484509165099591953733779801063456032364824231333392871831022","meshId":"cj"}
[16:06:48] auth-mesh-complete {"meshId":"cj","peer":"894cf9e468b24baf2a8a1a99582be13674e53584daff06bcc227894b6b382fb5ee"}
[16:06:48] bindPeer {"nodeId":"15924520931165163329253495657426739423921533173647304507188901353838245779951879","meshId":"ck"}
[16:06:48] auth-mesh-complete {"meshId":"ck","peer":"8986df709648b8a2d37255fbe3e7ad7988d1c7963efc306d3cfb93a8293f1d5107"}
[16:06:48] bindPeer {"nodeId":"15973605778452945399593430212689698085778757240478589728901669550726639786097222","meshId":"cm"}
[16:06:48] auth-mesh-complete {"meshId":"cm","peer":"89f3647a94f02147a9791a7dd13d01dc3c3627063bf3d385a1250233d21e3f7a46"}
[16:06:48] bindPeer {"nodeId":"15941831068503444451643963080447280858669418792606806900047297936012405935376896","meshId":"cl"}
[16:06:48] auth-mesh-complete {"meshId":"cl","peer":"89ad24a15d20c69d1a7c6302b334a1332654257eeab7622ab3f6623753f7870a00"}
[16:06:48] bindPeer {"nodeId":"15902623085395159624026796146727264761094897878242092287527559218555784337286804","meshId":"co"}
[16:06:48] auth-mesh-complete {"meshId":"co","peer":"895675b2c41d738f665a13890289ed426aab1c15f95508d7615cd9fa0b1ec3e694"}
[16:06:48] bindPeer {"nodeId":"15957229931492868173379591886156908740983487968520891240829333275035880636949588","meshId":"cn"}
[16:06:48] auth-mesh-complete {"meshId":"cn","peer":"89cf3013f24485a466003a6941884567fc3843e018372aaeba2455c2742f0e2454"}
[16:06:48] bindPeer {"nodeId":"15909833661998445585848257761056307087357400036373997516522451499257322102588077","meshId":"cq"}
[16:06:48] auth-mesh-complete {"meshId":"cq","peer":"896666bd72fbf19f1b18128457d06675798a9e48d3bc2c7bde6da0613ecadc02ad"}
[16:06:48] bindPeer {"nodeId":"15969692903947346603925774827423985408221190505880034105412913934542089872181945","meshId":"cp"}
[16:06:48] auth-mesh-complete {"meshId":"cp","peer":"89eabddecf1b8f6cf8b9a7b27eaf33f02f62d860756ff95dca9550a6226c9f8ab9"}
[16:06:48] bindPeer {"nodeId":"15978801639553555458567733834792475012857615293250586340594878488296114227763427","meshId":"cr"}
[16:06:48] auth-mesh-complete {"meshId":"cr","peer":"89fee13b647687e8089534032497a470dcbd8df22681f4d99335611a2a9df7d8e3"}
[16:06:48] bindPeer {"nodeId":"15922048018034826073539086751694692985929096015970008153366726090099213086610876","meshId":"cs"}
[16:06:48] auth-mesh-complete {"meshId":"cs","peer":"898167d2105a399283e3b6f62d32c99279baa9377b26c8da99ddba46bbbde9d5bc"}
[16:06:49] state=open peers=30 synaptome=30 mesh(open/bound)=29/29 roles=0 subs=0
[16:06:49] bindPeer {"nodeId":"15947031495750718364931046614405140191935711892267515599206397448749390283277946","meshId":"cy"}
[16:06:49] auth-mesh-complete {"meshId":"cy","peer":"89b8a3f7c47229117b6cd6c0eea071fa81abf6ec9dbb6870cd5d6b94a84ad6067a"}
[16:06:50] state=open peers=31 synaptome=31 mesh(open/bound)=30/30 roles=0 subs=0
[16:06:50] bindPeer {"nodeId":"15892256544430264878150030701750968430061330606742358618247018298247271267162994","meshId":"cz"}
[16:06:50] auth-mesh-complete {"meshId":"cz","peer":"893f8a71ad081964e48350ab4496a7ecd05c4a83bd8e4e6ae86cb4d9704e83db72"}
[16:06:51] state=open peers=32 synaptome=32 mesh(open/bound)=31/31 roles=0 subs=0
[16:06:51] bindPeer {"nodeId":"15913175160565874066354602888324967723427618582686984171799060281974002852701089","meshId":"c10"}
[16:06:51] auth-mesh-complete {"meshId":"c10","peer":"896dc9f6115f51fe5d0e74014f557236a11db1ab8f7253767902c6d3f36fbe23a1"}
[16:06:52] state=open peers=33 synaptome=33 mesh(open/bound)=32/32 roles=0 subs=0
[16:06:52] bindPeer {"nodeId":"15912519502567175019385869685438376495510004878064034086780538957279428317817971","meshId":"c11"}
[16:06:52] auth-mesh-complete {"meshId":"c11","peer":"896c56df368e9fcb60a38039935ff49919e650ae5fa2afc8c8ba0b9f0871542c73"}
[16:06:53] peer-leaving {"from":"89669b1f780f01911e395f65decd97f7f62d0cbac99e2a7454054d770f7d76005c"}
[16:06:53] state=open peers=33 synaptome=33 mesh(open/bound)=33/32 roles=0 subs=0
[16:06:53] peer-leaving {"from":"8944ee2d22de38ba916066dc9981817e1204a53f6daaa5b91bf0867d53b043ce83"}
[16:06:53] peer-lost-redundant-channel {"meshId":"ch","nodeId":null}
[16:06:53] dc-close {"peerId":"ch"}
[16:06:54] peer-lost-redundant-channel {"meshId":"ci","nodeId":null}
[16:06:54] peer-leaving {"from":"894cf9e468b24baf2a8a1a99582be13674e53584daff06bcc227894b6b382fb5ee"}
[16:06:54] dc-close {"peerId":"ci"}
[16:06:54] state=open peers=31 synaptome=31 mesh(open/bound)=31/30 roles=0 subs=0
[16:06:54] bindPeer {"nodeId":"15877293195765414707021841494866554778300616331478338912026330158926035310112294","meshId":"c6"}
[16:06:54] auth-mesh-complete {"meshId":"c6","peer":"891e757d24019707bf1ef3b9b9d3ac691992b64541103392ee1a5b5cdadb606e26"}
[16:06:55] peer-leaving {"from":"8986df709648b8a2d37255fbe3e7ad7988d1c7963efc306d3cfb93a8293f1d5107"}
[16:06:55] peer-lost-redundant-channel {"meshId":"cj","nodeId":null}
[16:06:55] dc-close {"peerId":"cj"}
[16:06:55] peer-lost-redundant-channel {"meshId":"ck","nodeId":null}
[16:06:55] dc-close {"peerId":"ck"}
[16:06:55] state=open peers=31 synaptome=31 mesh(open/bound)=30/30 roles=0 subs=0
[16:06:56] state=open peers=31 synaptome=31 mesh(open/bound)=30/30 roles=0 subs=0
[16:06:57] bindPeer {"nodeId":"15944525936502141524873949755511756347530952205350420086005921134192731583030425","meshId":"c12"}
[16:06:57] auth-mesh-complete {"meshId":"c12","peer":"89b319df1eb048b5b4f6e938a2a3e40d697bd8a52d5aec163ae750fe4cd7562499"}
[16:06:57] state=open peers=32 synaptome=32 mesh(open/bound)=31/31 roles=0 subs=0
[16:06:58] state=open peers=32 synaptome=32 mesh(open/bound)=31/31 roles=0 subs=0
[16:06:59] bindPeer {"nodeId":"15896404670803726880218507230395495092018723098484012387107763192413312250397204","meshId":"c13"}
[16:06:59] auth-mesh-complete {"meshId":"c13","peer":"8948b6334b9d47d1fafc3eb20e281d34707a6a1743042b5b797fa2d8058da9c214"}
[16:06:59] state=open peers=33 synaptome=33 mesh(open/bound)=32/32 roles=0 subs=0
[16:07:00] state=open peers=33 synaptome=33 mesh(open/bound)=32/32 roles=0 subs=0
[16:07:00] bindPeer {"nodeId":"15885843433579181793718074794040856254670395848285482781056791293474872151907474","meshId":"c14"}
[16:07:00] auth-mesh-complete {"meshId":"c14","peer":"89315cc07ee4928e8742332e2729b7fdd4c2ca0c4ff6a7f758abbe4574871a1c92"}
[16:07:01] state=open peers=34 synaptome=34 mesh(open/bound)=33/33 roles=0 subs=0
[16:07:02] state=open peers=34 synaptome=34 mesh(open/bound)=33/33 roles=0 subs=0
[16:07:03] bindPeer {"nodeId":"15920946096537158916288391356003853206905960251671625802361774668089383413452517","meshId":"c15"}
[16:07:03] auth-mesh-complete {"meshId":"c15","peer":"897ef827b4629e078418f066678ebc2d9a4e9251284c96bb47d4b5c664ba898ee5"}
[16:07:03] state=open peers=35 synaptome=35 mesh(open/bound)=34/34 roles=0 subs=0
[16:07:04] state=open peers=35 synaptome=35 mesh(open/bound)=34/34 roles=0 subs=0
[16:07:05] state=open peers=35 synaptome=35 mesh(open/bound)=34/34 roles=0 subs=0
[16:07:06] state=open peers=35 synaptome=35 mesh(open/bound)=34/34 roles=0 subs=0
[16:07:07] state=open peers=35 synaptome=35 mesh(open/bound)=34/34 roles=0 subs=0
[16:07:08] state=open peers=35 synaptome=35 mesh(open/bound)=34/34 roles=0 subs=0
[16:07:09] state=open peers=35 synaptome=35 mesh(open/bound)=34/34 roles=0 subs=0
[16:07:10] state=open peers=35 synaptome=35 mesh(open/bound)=34/34 roles=0 subs=0
[16:07:11] state=open peers=35 synaptome=35 mesh(open/bound)=34/34 roles=0 subs=0
[16:07:12] state=open peers=35 synaptome=35 mesh(open/bound)=34/34 roles=0 subs=0
[16:07:13] state=open peers=35 synaptome=35 mesh(open/bound)=34/34 roles=0 subs=0
[16:07:14] state=open peers=35 synaptome=35 mesh(open/bound)=34/34 roles=0 subs=0
[16:07:15] state=open peers=35 synaptome=35 mesh(open/bound)=34/34 roles=0 subs=0
[16:07:16] state=open peers=35 synaptome=35 mesh(open/bound)=34/34 roles=0 subs=0
[16:07:17] state=open peers=35 synaptome=35 mesh(open/bound)=34/34 roles=0 subs=0
[16:07:18] state=open peers=35 synaptome=35 mesh(open/bound)=34/34 roles=0 subs=0
[16:07:19] state=open peers=35 synaptome=35 mesh(open/bound)=34/34 roles=0 subs=0
[16:07:20] state=open peers=35 synaptome=35 mesh(open/bound)=34/34 roles=0 subs=0
[16:07:21] state=open peers=35 synaptome=35 mesh(open/bound)=34/34 roles=0 subs=0
[16:07:22] state=open peers=35 synaptome=35 mesh(open/bound)=34/34 roles=0 subs=0
[16:07:23] state=open peers=35 synaptome=35 mesh(open/bound)=34/34 roles=0 subs=0
[16:07:24] state=open peers=35 synaptome=35 mesh(open/bound)=34/34 roles=0 subs=0
[16:07:25] state=open peers=35 synaptome=35 mesh(open/bound)=34/34 roles=0 subs=0
[16:07:26] state=open peers=35 synaptome=35 mesh(open/bound)=34/34 roles=0 subs=0
[16:07:27] state=open peers=35 synaptome=35 mesh(open/bound)=34/34 roles=0 subs=0

axona-relay shutting down (SIGTERM)…
[16:07:28] peer-leaving {"from":"8964a9bdbb8a7836aa0491e982ad8e1c548261a11783752d5245133570880fbbc9"}
[16:07:28] peer-leaving {"from":"89bb404b81c14c6d8f7ce0af20572f9ec907b9e86ce9a7d17b8cdd617949e218e3"}
[16:07:28] peer-died-evicted {"peer":"89658f486e89371bfddef09aed84ff8b9f619d0027c99ba503250983e2e5cfc207"}
[16:07:28] peer-leaving {"from":"895cabb1437867fa244f64ede90cf48dd607a6adf70b4c3b7b9196f8a09cdf8b83"}
[16:07:28] peer-died-evicted {"peer":"89b8a3f7c47229117b6cd6c0eea071fa81abf6ec9dbb6870cd5d6b94a84ad6067a"}
[16:07:28] peer-leaving {"from":"893f8a71ad081964e48350ab4496a7ecd05c4a83bd8e4e6ae86cb4d9704e83db72"}
[16:07:28] peer-died-evicted {"peer":"896dc9f6115f51fe5d0e74014f557236a11db1ab8f7253767902c6d3f36fbe23a1"}
[16:07:28] peer-leaving {"from":"896c56df368e9fcb60a38039935ff49919e650ae5fa2afc8c8ba0b9f0871542c73"}
[16:07:28] dc-close {"peerId":"cv"}
[16:07:28] dc-close {"peerId":"cy"}
[16:07:28] dc-close {"peerId":"c10"}
[16:07:37] axona-relay v0.40.0 [EPHEMERAL] (kernel v4.16.0)
[16:07:37] node 89ffcc018a22dd3a96650b0576fb40694a803d9fb6101621a501b1cad9db3ae814
[16:07:37] region useast (33.38766721236327,-73.46516214265485)  bridge wss://testnet.axona.net
[16:07:37] ephemeral node — fresh id in useast (0x89); transport ids are never persisted (re-minted every start)
[16:07:37] bridge-socket-open {"bridgeUrl":"wss://testnet.axona.net"}
[16:07:37] bridge-welcome {"connId":"c1a","version":"2.55.0","turn":true}
[16:07:37] auth-bridge-complete {"bridgeNodeId":"804d470fcb81c65b15ae382e018c2e3454212863be831168f2708c3d81ab032c70"}
[16:07:37] started — meshing…
[16:07:37] metrics demand-driven (kernel METRICSON) — snapshots publish while a metric topic has subscribers
[16:07:37] pow-calibrate 71,370 H/s · mint@16b≈918ms 20b≈14692ms 24b≈235074ms · active diff transport=0 publish=0
[16:07:37] bindPeer {"nodeId":"15864053584498604878515198599511451168779180246191235524446068344201450575675102","meshId":"cc"}
[16:07:37] auth-mesh-complete {"meshId":"cc","peer":"89013022689212910445731bc19ea0bbe411e7bcbc95e57adec42eda47de0cbede"}
[16:07:37] bindPeer {"nodeId":"15877293195765414707021841494866554778300616331478338912026330158926035310112294","meshId":"c6"}
[16:07:37] auth-mesh-complete {"meshId":"c6","peer":"891e757d24019707bf1ef3b9b9d3ac691992b64541103392ee1a5b5cdadb606e26"}
[16:07:37] bindPeer {"nodeId":"15944752323973804701774559700928722148890080562088596416901751768450228303286888","meshId":"c9"}
[16:07:37] auth-mesh-complete {"meshId":"c9","peer":"89b39a0098b640c45244a445347dcdce07ff3c80804bc6db8209255a459d11d268"}
[16:07:37] bindPeer {"nodeId":"15917586377466977497002465205554280043685071912418217289702712339083460227489039","meshId":"c3"}
[16:07:37] auth-mesh-complete {"meshId":"c3","peer":"89778a9f19fcfd0f5b4de64d7ad08698ae922cfa79a6f6597f9bfa08ce3df1dd0f"}
[16:07:37] bindPeer {"nodeId":"15929584463245583564982409860904430238961941733402686877231191029367024569498799","meshId":"ca"}
[16:07:37] auth-mesh-complete {"meshId":"ca","peer":"8992114c21a72dfca4e0975c0ebd3e6cb4c3ad1be4b4ee78fff7bb81cdbe8f3caf"}
[16:07:37] bindPeer {"nodeId":"15877519320771930208792088468533321586440420548933913176870266386863919831711123","meshId":"c7"}
[16:07:37] auth-mesh-complete {"meshId":"c7","peer":"891ef57896a7f7e184f33f4ea188b2fab7c95f2c68a95bf81cf0f62ec74fa3fd93"}
[16:07:37] bindPeer {"nodeId":"15913795856429952688329970780367464756227222635463888628231351470210788405283040","meshId":"cb"}
[16:07:37] auth-mesh-complete {"meshId":"cb","peer":"896f29433a8a311714cf182f947406defdfe1d2b20356bf676ec756e225cf008e0"}
[16:07:37] bindPeer {"nodeId":"15877062257991703113635850909533590433772408654734806652380058263908877000562298","meshId":"ce"}
[16:07:37] auth-mesh-complete {"meshId":"ce","peer":"891df2c85de641af44b568a781c6857a6a82f04322a66174d6ab6213cc10d8d67a"}
[16:07:37] bindPeer {"nodeId":"15975877571460873640262379170583418016314794805329544099043930662010765312940229","meshId":"c4"}
[16:07:37] auth-mesh-complete {"meshId":"c4","peer":"89f86a44a2eb418b9cf928e64ced79f71249a4d27b005422f47d90929b991e58c5"}
[16:07:37] bindPeer {"nodeId":"15891018626508878388395790443228721831884842255937776082441653164782231691310720","meshId":"c2"}
[16:07:37] auth-mesh-complete {"meshId":"c2","peer":"893ccdcead59e2358a8cdcf22db3ec157197bbb9188ecd86092f1241669ef5b680"}
[16:07:37] bindPeer {"nodeId":"15907348194222139045568311274115340279457511857009420870325988411264188273694855","meshId":"c8"}
[16:07:37] auth-mesh-complete {"meshId":"c8","peer":"8960e803df5a1f433acf91d985e9a015e9f28709dc8e7b36645ed5b0cb57f49887"}
[16:07:37] bindPeer {"nodeId":"15972812085017069282348808429796135637939370447934704162335704778011132844455284","meshId":"cd"}
[16:07:37] auth-mesh-complete {"meshId":"cd","peer":"89f1a343a7326749a9239e76201526eac5b065529845443ea52c781294dcde3574"}
[16:07:38] hosting keyspace 0x89 — recruiting as a root for nearby topics
[16:07:38] bindPeer {"nodeId":"18613563669772924528234126362108385726904954810545686301902881097135483478189144","meshId":"c1"}
[16:07:38] auth-mesh-complete {"meshId":"c1","peer":"a0bff7b1b5562d0d7aacab2fc3487226a3e5b8cf9d15e051b98782b138d7b1a458"}
[16:07:38] state=open peers=14 synaptome=14 mesh(open/bound)=13/13 roles=0 subs=0
[16:07:38] bindPeer {"nodeId":"15916097098389677967183498030615146472155891145934573053461538916782226419451992","meshId":"cg"}
[16:07:38] auth-mesh-complete {"meshId":"cg","peer":"89743fb82ada25ef86f13c478bf7c690fdae5c4bfad7be2f4299a79a78a9678858"}
[16:07:38] bindPeer {"nodeId":"15969692903947346603925774827423985408221190505880034105412913934542089872181945","meshId":"cp"}
[16:07:38] auth-mesh-complete {"meshId":"cp","peer":"89eabddecf1b8f6cf8b9a7b27eaf33f02f62d860756ff95dca9550a6226c9f8ab9"}
[16:07:38] bindPeer {"nodeId":"15896404670803726880218507230395495092018723098484012387107763192413312250397204","meshId":"c13"}
[16:07:38] auth-mesh-complete {"meshId":"c13","peer":"8948b6334b9d47d1fafc3eb20e281d34707a6a1743042b5b797fa2d8058da9c214"}
[16:07:38] bindPeer {"nodeId":"15885843433579181793718074794040856254670395848285482781056791293474872151907474","meshId":"c14"}
[16:07:38] auth-mesh-complete {"meshId":"c14","peer":"89315cc07ee4928e8742332e2729b7fdd4c2ca0c4ff6a7f758abbe4574871a1c92"}
[16:07:38] bindPeer {"nodeId":"15920946096537158916288391356003853206905960251671625802361774668089383413452517","meshId":"c15"}
[16:07:38] auth-mesh-complete {"meshId":"c15","peer":"897ef827b4629e078418f066678ebc2d9a4e9251284c96bb47d4b5c664ba898ee5"}
[16:07:38] bindPeer {"nodeId":"15951308482495994196790430281717176664842758457979837345767522435025112981078874","meshId":"c19"}
[16:07:38] auth-mesh-complete {"meshId":"c19","peer":"89c218a813dda4cf92a5869ca5d7e25b9b1a14920d037c24de3c9a5c9fa3e4835a"}
[16:07:38] bindPeer {"nodeId":"15952600470937731725387692089907696789054523336637071099982493741700982505304029","meshId":"c18"}
[16:07:38] auth-mesh-complete {"meshId":"c18","peer":"89c4f3e5669ce6b09316fcc8834dddbaadf400862e454e0b9f25b3b095581d6fdd"}
[16:07:38] bindPeer {"nodeId":"15959523835214257695962290622847508628628056885670263572116682861565788167873629","meshId":"c16"}
[16:07:38] auth-mesh-complete {"meshId":"c16","peer":"89d44261a4313a0d15c8bbd96bdcb348eb55d998eed0a64d728a5531756748245d"}
[16:07:38] bindPeer {"nodeId":"15889789666859694257556185400093019138634371540202440499803115493450970835322866","meshId":"c17"}
[16:07:38] auth-mesh-complete {"meshId":"c17","peer":"893a163da6744022052525229595ea4796b4da6fbcab879cc258f06266bb8207f2"}
[16:07:38] bindPeer {"nodeId":"15941831068503444451643963080447280858669418792606806900047297936012405935376896","meshId":"cl"}
[16:07:38] auth-mesh-complete {"meshId":"cl","peer":"89ad24a15d20c69d1a7c6302b334a1332654257eeab7622ab3f6623753f7870a00"}
[16:07:38] bindPeer {"nodeId":"15973605778452945399593430212689698085778757240478589728901669550726639786097222","meshId":"cm"}
[16:07:38] auth-mesh-complete {"meshId":"cm","peer":"89f3647a94f02147a9791a7dd13d01dc3c3627063bf3d385a1250233d21e3f7a46"}
[16:07:38] bindPeer {"nodeId":"15957229931492868173379591886156908740983487968520891240829333275035880636949588","meshId":"cn"}
[16:07:38] auth-mesh-complete {"meshId":"cn","peer":"89cf3013f24485a466003a6941884567fc3843e018372aaeba2455c2742f0e2454"}
[16:07:38] bindPeer {"nodeId":"15902623085395159624026796146727264761094897878242092287527559218555784337286804","meshId":"co"}
[16:07:38] auth-mesh-complete {"meshId":"co","peer":"895675b2c41d738f665a13890289ed426aab1c15f95508d7615cd9fa0b1ec3e694"}
[16:07:38] bindPeer {"nodeId":"15909833661998445585848257761056307087357400036373997516522451499257322102588077","meshId":"cq"}
[16:07:38] auth-mesh-complete {"meshId":"cq","peer":"896666bd72fbf19f1b18128457d06675798a9e48d3bc2c7bde6da0613ecadc02ad"}
[16:07:38] bindPeer {"nodeId":"15978801639553555458567733834792475012857615293250586340594878488296114227763427","meshId":"cr"}
[16:07:38] auth-mesh-complete {"meshId":"cr","peer":"89fee13b647687e8089534032497a470dcbd8df22681f4d99335611a2a9df7d8e3"}
[16:07:38] bindPeer {"nodeId":"15922048018034826073539086751694692985929096015970008153366726090099213086610876","meshId":"cs"}
[16:07:38] auth-mesh-complete {"meshId":"cs","peer":"898167d2105a399283e3b6f62d32c99279baa9377b26c8da99ddba46bbbde9d5bc"}
[16:07:38] bindPeer {"nodeId":"15944525936502141524873949755511756347530952205350420086005921134192731583030425","meshId":"c12"}
[16:07:38] auth-mesh-complete {"meshId":"c12","peer":"89b319df1eb048b5b4f6e938a2a3e40d697bd8a52d5aec163ae750fe4cd7562499"}
[16:07:39] state=open peers=31 synaptome=31 mesh(open/bound)=30/30 roles=0 subs=0
[16:07:39] bindPeer {"nodeId":"15886567333503847790922590930894717416624561965277667729121052198660542784835246","meshId":"c1b"}
[16:07:39] auth-mesh-complete {"meshId":"c1b","peer":"8932f676fb6c638d8aebd568a560344a4b32729ca828319da551545c5376838eae"}
[16:07:40] state=open peers=32 synaptome=32 mesh(open/bound)=31/31 roles=0 subs=0
[16:07:40] bindPeer {"nodeId":"15889352935010849109169726810280715440753096160708994439406744374590108779371550","meshId":"c1c"}
[16:07:40] auth-mesh-complete {"meshId":"c1c","peer":"89391f0f31dacf7be5c17f8c4c0b07620bcd6ce79e733cbda02bd9703a958b5c1e"}
[16:07:41] state=open peers=33 synaptome=33 mesh(open/bound)=32/32 roles=0 subs=0
[16:07:41] bindPeer {"nodeId":"15940289872745702087765461924309247323950583738298130288150502012784401410821274","meshId":"c1d"}
[16:07:41] auth-mesh-complete {"meshId":"c1d","peer":"89a9bc582d49a7d62a0dd1f9ef0acb3f336acf034166a0ac9934bad9c8889a0c9a"}
[16:07:42] state=open peers=34 synaptome=34 mesh(open/bound)=33/33 roles=0 subs=0
[16:07:42] bindPeer {"nodeId":"15911892034358608380619268300338605929749915985713530283067316433609650858275514","meshId":"c1e"}
[16:07:42] auth-mesh-complete {"meshId":"c1e","peer":"896af3bccd2bde7ff0fc9996aef87b64060fcef5f6a81bb256c818909988e6b2ba"}
[16:07:43] state=open peers=35 synaptome=35 mesh(open/bound)=34/34 roles=0 subs=0
[16:07:44] state=open peers=35 synaptome=35 mesh(open/bound)=34/34 roles=0 subs=0
[16:07:45] state=open peers=35 synaptome=35 mesh(open/bound)=34/34 roles=0 subs=0
[16:07:46] state=open peers=35 synaptome=35 mesh(open/bound)=34/34 roles=0 subs=0
[16:07:47] state=open peers=35 synaptome=35 mesh(open/bound)=34/34 roles=0 subs=0
[16:07:48] state=open peers=35 synaptome=35 mesh(open/bound)=34/34 roles=0 subs=0
[16:07:49] state=open peers=35 synaptome=35 mesh(open/bound)=34/34 roles=0 subs=0
[16:07:50] state=open peers=35 synaptome=35 mesh(open/bound)=34/34 roles=0 subs=0
[16:07:51] state=open peers=35 synaptome=35 mesh(open/bound)=34/34 roles=0 subs=0
[16:07:52] state=open peers=35 synaptome=35 mesh(open/bound)=34/34 roles=0 subs=0
[16:07:53] state=open peers=35 synaptome=35 mesh(open/bound)=34/34 roles=0 subs=0
[16:07:54] state=open peers=35 synaptome=35 mesh(open/bound)=34/34 roles=0 subs=0
[16:07:55] state=open peers=35 synaptome=35 mesh(open/bound)=34/34 roles=0 subs=0
[16:07:56] state=open peers=35 synaptome=35 mesh(open/bound)=34/34 roles=0 subs=0
[16:07:57] state=open peers=35 synaptome=35 mesh(open/bound)=34/34 roles=0 subs=0
[16:07:58] state=open peers=35 synaptome=35 mesh(open/bound)=34/34 roles=0 subs=0
[16:07:59] state=open peers=35 synaptome=35 mesh(open/bound)=34/34 roles=0 subs=0
[16:08:00] state=open peers=35 synaptome=35 mesh(open/bound)=34/34 roles=0 subs=0
[16:08:01] state=open peers=35 synaptome=35 mesh(open/bound)=34/34 roles=0 subs=0
[16:08:02] state=open peers=35 synaptome=35 mesh(open/bound)=34/34 roles=0 subs=0
[16:08:03] state=open peers=35 synaptome=35 mesh(open/bound)=34/34 roles=0 subs=0
[16:08:04] state=open peers=35 synaptome=35 mesh(open/bound)=34/34 roles=0 subs=0
[16:08:05] state=open peers=35 synaptome=35 mesh(open/bound)=34/34 roles=0 subs=0
[16:08:06] state=open peers=35 synaptome=35 mesh(open/bound)=34/34 roles=0 subs=0
[16:08:07] state=open peers=35 synaptome=35 mesh(open/bound)=34/34 roles=0 subs=0
[16:08:08] state=open peers=35 synaptome=35 mesh(open/bound)=34/34 roles=0 subs=0
[16:08:09] state=open peers=35 synaptome=35 mesh(open/bound)=34/34 roles=0 subs=0
[16:08:10] state=open peers=35 synaptome=35 mesh(open/bound)=34/34 roles=0 subs=0
[16:08:11] state=open peers=35 synaptome=35 mesh(open/bound)=34/34 roles=0 subs=0
[16:08:12] state=open peers=35 synaptome=35 mesh(open/bound)=34/34 roles=0 subs=0
[16:08:13] state=open peers=35 synaptome=35 mesh(open/bound)=34/34 roles=0 subs=0
[16:08:14] state=open peers=35 synaptome=35 mesh(open/bound)=34/34 roles=0 subs=0
[16:08:15] state=open peers=35 synaptome=35 mesh(open/bound)=34/34 roles=0 subs=0
[16:08:16] state=open peers=35 synaptome=35 mesh(open/bound)=34/34 roles=0 subs=0
[16:08:17] state=open peers=35 synaptome=35 mesh(open/bound)=34/34 roles=0 subs=0
[16:08:18] state=open peers=35 synaptome=35 mesh(open/bound)=34/34 roles=0 subs=0
[16:08:19] state=open peers=35 synaptome=35 mesh(open/bound)=34/34 roles=0 subs=0
[16:08:20] state=open peers=35 synaptome=35 mesh(open/bound)=34/34 roles=0 subs=0
[16:08:21] peer-leaving {"from":"89743fb82ada25ef86f13c478bf7c690fdae5c4bfad7be2f4299a79a78a9678858"}
[16:08:21] state=open peers=34 synaptome=34 mesh(open/bound)=34/33 roles=0 subs=0
[16:08:21] peer-lost-redundant-channel {"meshId":"cg","nodeId":null}
[16:08:21] peer-leaving {"from":"89ad24a15d20c69d1a7c6302b334a1332654257eeab7622ab3f6623753f7870a00"}
[16:08:21] dc-close {"peerId":"cg"}
[16:08:22] peer-leaving {"from":"89f3647a94f02147a9791a7dd13d01dc3c3627063bf3d385a1250233d21e3f7a46"}
[16:08:22] peer-lost-redundant-channel {"meshId":"cl","nodeId":null}
[16:08:22] dc-close {"peerId":"cl"}
[16:08:22] state=open peers=32 synaptome=32 mesh(open/bound)=32/31 roles=0 subs=0
[16:08:23] peer-lost-redundant-channel {"meshId":"cm","nodeId":null}
[16:08:23] peer-leaving {"from":"89cf3013f24485a466003a6941884567fc3843e018372aaeba2455c2742f0e2454"}
[16:08:23] dc-close {"peerId":"cm"}
[16:08:23] peer-leaving {"from":"895675b2c41d738f665a13890289ed426aab1c15f95508d7615cd9fa0b1ec3e694"}
[16:08:23] peer-lost-redundant-channel {"meshId":"cn","nodeId":null}
[16:08:23] dc-close {"peerId":"cn"}
[16:08:23] peer-lost-redundant-channel {"meshId":"co","nodeId":null}
[16:08:23] dc-close {"peerId":"co"}
[16:08:23] peer-leaving {"from":"89eabddecf1b8f6cf8b9a7b27eaf33f02f62d860756ff95dca9550a6226c9f8ab9"}
[16:08:23] peer-lost-redundant-channel {"meshId":"cp","nodeId":null}
[16:08:23] peer-leaving {"from":"896666bd72fbf19f1b18128457d06675798a9e48d3bc2c7bde6da0613ecadc02ad"}
[16:08:23] dc-close {"peerId":"cp"}
[16:08:23] state=open peers=28 synaptome=28 mesh(open/bound)=28/27 roles=0 subs=0
[16:08:24] peer-lost-redundant-channel {"meshId":"cq","nodeId":null}
[16:08:24] dc-close {"peerId":"cq"}
[16:08:24] peer-leaving {"from":"89fee13b647687e8089534032497a470dcbd8df22681f4d99335611a2a9df7d8e3"}
[16:08:24] peer-lost-redundant-channel {"meshId":"cr","nodeId":null}
[16:08:24] dc-close {"peerId":"cr"}
[16:08:24] peer-leaving {"from":"898167d2105a399283e3b6f62d32c99279baa9377b26c8da99ddba46bbbde9d5bc"}
[16:08:24] state=open peers=26 synaptome=26 mesh(open/bound)=26/25 roles=0 subs=0
[16:08:24] peer-lost-redundant-channel {"meshId":"cs","nodeId":null}
[16:08:24] dc-close {"peerId":"cs"}
[16:08:25] peer-died-evicted {"peer":"89b319df1eb048b5b4f6e938a2a3e40d697bd8a52d5aec163ae750fe4cd7562499"}
[16:08:25] peer-leaving {"from":"8948b6334b9d47d1fafc3eb20e281d34707a6a1743042b5b797fa2d8058da9c214"}
[16:08:25] dc-close {"peerId":"c12"}
[16:08:25] peer-lost-redundant-channel {"meshId":"c13","nodeId":null}
[16:08:25] peer-died-evicted {"peer":"89315cc07ee4928e8742332e2729b7fdd4c2ca0c4ff6a7f758abbe4574871a1c92"}
[16:08:25] peer-died-evicted {"peer":"897ef827b4629e078418f066678ebc2d9a4e9251284c96bb47d4b5c664ba898ee5"}
[16:08:25] dc-close {"peerId":"c13"}
[16:08:25] dc-close {"peerId":"c14"}
[16:08:25] dc-close {"peerId":"c15"}
[16:08:25] state=open peers=22 synaptome=22 mesh(open/bound)=21/21 roles=0 subs=0
[16:08:26] state=open peers=22 synaptome=22 mesh(open/bound)=21/21 roles=0 subs=0
[16:08:27] bindPeer {"nodeId":"15966688956358667308355962114247992905764597383838565523131668114111876400438597","meshId":"c1f"}
[16:08:27] auth-mesh-complete {"meshId":"c1f","peer":"89e419b23e628b51a85c6687490397ecfa7e766e7d500a08d18199dc26c9505d45"}
[16:08:27] state=open peers=23 synaptome=23 mesh(open/bound)=22/22 roles=0 subs=0
[16:08:28] state=open peers=23 synaptome=23 mesh(open/bound)=22/22 roles=0 subs=0
[16:08:29] bindPeer {"nodeId":"15924815014172521640876583744061650307283595042859750294332123557193069281549798","meshId":"c1g"}
[16:08:29] auth-mesh-complete {"meshId":"c1g","peer":"898785e28747f8073460e71ebffb64076af5b2c465969aa6330927fac270621de6"}
[16:08:29] state=open peers=24 synaptome=24 mesh(open/bound)=23/23 roles=0 subs=0
[16:08:30] state=open peers=24 synaptome=24 mesh(open/bound)=23/23 roles=0 subs=0
[16:08:31] state=open peers=24 synaptome=24 mesh(open/bound)=23/23 roles=0 subs=0
[16:08:32] state=open peers=24 synaptome=24 mesh(open/bound)=23/23 roles=0 subs=0
[16:08:33] state=open peers=24 synaptome=24 mesh(open/bound)=23/23 roles=0 subs=0
[16:08:34] state=open peers=24 synaptome=24 mesh(open/bound)=23/23 roles=0 subs=0
[16:08:35] state=open peers=24 synaptome=24 mesh(open/bound)=23/23 roles=0 subs=0
[16:08:36] state=open peers=24 synaptome=24 mesh(open/bound)=23/23 roles=0 subs=0
[16:08:37] state=open peers=24 synaptome=24 mesh(open/bound)=23/23 roles=0 subs=0
[16:08:38] state=open peers=24 synaptome=24 mesh(open/bound)=23/23 roles=0 subs=0
[16:08:39] state=open peers=24 synaptome=24 mesh(open/bound)=23/23 roles=0 subs=0
[16:08:40] state=open peers=24 synaptome=24 mesh(open/bound)=23/23 roles=0 subs=0
[16:08:41] state=open peers=24 synaptome=24 mesh(open/bound)=23/23 roles=0 subs=0
[16:08:42] state=open peers=24 synaptome=24 mesh(open/bound)=23/23 roles=0 subs=0
[16:08:43] state=open peers=24 synaptome=24 mesh(open/bound)=23/23 roles=0 subs=0
[16:08:44] state=open peers=24 synaptome=24 mesh(open/bound)=23/23 roles=0 subs=0
[16:08:45] state=open peers=24 synaptome=24 mesh(open/bound)=23/23 roles=0 subs=0
[16:08:46] state=open peers=24 synaptome=24 mesh(open/bound)=23/23 roles=0 subs=0
[16:08:47] state=open peers=24 synaptome=24 mesh(open/bound)=23/23 roles=0 subs=0
[16:08:48] state=open peers=24 synaptome=24 mesh(open/bound)=23/23 roles=0 subs=0
[16:08:49] state=open peers=24 synaptome=24 mesh(open/bound)=23/23 roles=0 subs=0
[16:08:50] state=open peers=24 synaptome=24 mesh(open/bound)=23/23 roles=0 subs=0
[16:08:51] peer-died-evicted {"peer":"898785e28747f8073460e71ebffb64076af5b2c465969aa6330927fac270621de6"}
[16:08:51] dc-close {"peerId":"c1g"}
[16:08:51] state=open peers=23 synaptome=23 mesh(open/bound)=22/22 roles=0 subs=0
[16:08:52] state=open peers=23 synaptome=23 mesh(open/bound)=22/22 roles=0 subs=0
[16:08:53] state=open peers=23 synaptome=23 mesh(open/bound)=22/22 roles=0 subs=0
[16:08:54] bindPeer {"nodeId":"15935702279102610268056532096664890923389760997568592562150526743374878851104358","meshId":"c1h"}
[16:08:54] auth-mesh-complete {"meshId":"c1h","peer":"899f97dbc3b5a90562c9489ac7e4af3176db6bed436f19e1e5e7e006c9d8167e66"}
[16:08:54] state=open peers=24 synaptome=24 mesh(open/bound)=23/23 roles=0 subs=0
[16:08:55] state=open peers=24 synaptome=24 mesh(open/bound)=23/23 roles=0 subs=0
[16:08:56] state=open peers=24 synaptome=24 mesh(open/bound)=23/23 roles=0 subs=0
[16:08:57] state=open peers=24 synaptome=24 mesh(open/bound)=23/23 roles=0 subs=0
[16:08:58] state=open peers=24 synaptome=24 mesh(open/bound)=23/23 roles=0 subs=0
[16:08:59] state=open peers=24 synaptome=24 mesh(open/bound)=23/23 roles=0 subs=0
[16:09:00] state=open peers=24 synaptome=24 mesh(open/bound)=23/23 roles=0 subs=0
[16:09:01] state=open peers=24 synaptome=24 mesh(open/bound)=23/23 roles=0 subs=0
[16:09:02] state=open peers=24 synaptome=24 mesh(open/bound)=23/23 roles=0 subs=0
[16:09:03] bindPeer {"nodeId":"15870264728882619173326020213044202856984515916096852604493901312407611974616065","meshId":"c1i"}
[16:09:03] auth-mesh-complete {"meshId":"c1i","peer":"890eeb847e172cffaf14fd4cc8b03c55cdc8312f88d5226bf089e3ed9739f40401"}
[16:09:03] state=open peers=25 synaptome=25 mesh(open/bound)=24/24 roles=0 subs=0
[16:09:04] state=open peers=25 synaptome=25 mesh(open/bound)=24/24 roles=0 subs=0
[16:09:05] state=open peers=25 synaptome=25 mesh(open/bound)=24/24 roles=0 subs=0
[16:09:06] state=open peers=25 synaptome=25 mesh(open/bound)=24/24 roles=0 subs=0
[16:09:07] state=open peers=25 synaptome=25 mesh(open/bound)=24/24 roles=0 subs=0
[16:09:08] state=open peers=25 synaptome=25 mesh(open/bound)=24/24 roles=0 subs=0
[16:09:09] state=open peers=25 synaptome=25 mesh(open/bound)=24/24 roles=0 subs=0
[16:09:10] state=open peers=25 synaptome=25 mesh(open/bound)=24/24 roles=0 subs=0
[16:09:11] state=open peers=25 synaptome=25 mesh(open/bound)=24/24 roles=0 subs=0
[16:09:12] state=open peers=25 synaptome=25 mesh(open/bound)=24/24 roles=0 subs=0
[16:09:13] state=open peers=25 synaptome=25 mesh(open/bound)=24/24 roles=0 subs=0
[16:09:14] state=open peers=25 synaptome=25 mesh(open/bound)=24/24 roles=0 subs=0
[16:09:15] peer-leaving {"from":"89e419b23e628b51a85c6687490397ecfa7e766e7d500a08d18199dc26c9505d45"}
[16:09:16] peer-lost-redundant-channel {"meshId":"c1f","nodeId":null}
[16:09:16] peer-died-evicted {"peer":"890eeb847e172cffaf14fd4cc8b03c55cdc8312f88d5226bf089e3ed9739f40401"}
[16:09:16] dc-close {"peerId":"c1f"}
[16:09:16] dc-close {"peerId":"c1i"}
[16:09:16] state=open peers=23 synaptome=23 mesh(open/bound)=22/22 roles=0 subs=0
[16:09:17] state=open peers=23 synaptome=23 mesh(open/bound)=22/22 roles=0 subs=0
[16:09:17] bindPeer {"nodeId":"15869151886530817981544535461201971831804241463073808820720207567653067178422076","meshId":"c1j"}
[16:09:17] auth-mesh-complete {"meshId":"c1j","peer":"890c75abcd214c01b202babf959d77962933c19e6da05b2af552fb3991b0b0af3c"}
[16:09:18] state=open peers=24 synaptome=24 mesh(open/bound)=23/23 roles=0 subs=0
[16:09:19] state=open peers=24 synaptome=24 mesh(open/bound)=23/23 roles=0 subs=0
[16:09:19] bindPeer {"nodeId":"15914777038056468190071038210086741076764406725350254211082928103907415592866886","meshId":"c1k"}
[16:09:19] auth-mesh-complete {"meshId":"c1k","peer":"897154977bc7aa1c48d9a312ace98c3640495ef3ffda051d34d652931df0b11446"}
[16:09:20] state=open peers=25 synaptome=25 mesh(open/bound)=24/24 roles=0 subs=0
[16:09:21] state=open peers=25 synaptome=25 mesh(open/bound)=24/24 roles=0 subs=0
[16:09:21] bindPeer {"nodeId":"15899963342572383264411414691818219305642909226718172489679838339337647217261470","meshId":"c1l"}
[16:09:21] auth-mesh-complete {"meshId":"c1l","peer":"8950945653bd7ae6e88102224ade1598b5dbe08b8e145c527afe41072a26053b9e"}
[16:09:22] state=open peers=26 synaptome=26 mesh(open/bound)=25/25 roles=0 subs=0
[16:09:23] bindPeer {"nodeId":"15922971903177183235567151505116955219403863692938370674316875692268482121473705","meshId":"c1m"}
[16:09:23] auth-mesh-complete {"meshId":"c1m","peer":"898372b894e0c73c06f437e0c9cdb5ff36d2694f31e60748c02a6a6a3fe8589ea9"}
[16:09:23] state=open peers=27 synaptome=27 mesh(open/bound)=26/26 roles=0 subs=0
[16:09:24] state=open peers=27 synaptome=27 mesh(open/bound)=26/26 roles=0 subs=0
[16:09:25] bindPeer {"nodeId":"15948813124946154310827088437283432426309451967063577301245023588024883352950135","meshId":"c1n"}
[16:09:25] auth-mesh-complete {"meshId":"c1n","peer":"89bc945590253ef8005cd376f632d1b371894c8f4ab52c21989e0b43cf2173d577"}
[16:09:25] state=open peers=28 synaptome=28 mesh(open/bound)=27/27 roles=0 subs=0
[16:09:26] state=open peers=28 synaptome=28 mesh(open/bound)=27/27 roles=0 subs=0
[16:09:26] bindPeer {"nodeId":"15869171224639277623727521563087982472491342523434586541708672059029496065487011","meshId":"c1o"}
[16:09:26] auth-mesh-complete {"meshId":"c1o","peer":"890c809db77040129ad3d7839c7b9e1be1edb0e601f2fdf58d22835edd7640f0a3"}
[16:09:27] state=open peers=29 synaptome=29 mesh(open/bound)=28/28 roles=0 subs=0
[16:09:28] state=open peers=29 synaptome=29 mesh(open/bound)=28/28 roles=0 subs=0
[16:09:28] bindPeer {"nodeId":"15889958291972093701529377047712713833138712147691540652521834310811958596880941","meshId":"c1p"}
[16:09:28] auth-mesh-complete {"meshId":"c1p","peer":"893a75ade37ead013a9d3b3bbbd49f3b321ff1bab53dd20e4133fd8405f3844a2d"}
[16:09:29] state=open peers=30 synaptome=30 mesh(open/bound)=29/29 roles=0 subs=0
[16:09:30] state=open peers=30 synaptome=30 mesh(open/bound)=29/29 roles=0 subs=0
[16:09:31] state=open peers=30 synaptome=30 mesh(open/bound)=29/29 roles=0 subs=0
[16:09:32] state=open peers=30 synaptome=30 mesh(open/bound)=29/29 roles=0 subs=0
[16:09:33] state=open peers=30 synaptome=30 mesh(open/bound)=29/29 roles=0 subs=0
[16:09:34] state=open peers=30 synaptome=30 mesh(open/bound)=29/29 roles=0 subs=0
[16:09:34] bindPeer {"nodeId":"15913807324493598943027262852342799204412142345344591681893322290807076770702265","meshId":"c1s"}
[16:09:34] auth-mesh-complete {"meshId":"c1s","peer":"896f2fc0d8a9751bc64b1f255de6622a83221b239378056614d08f358dddfe63b9"}
[16:09:35] state=open peers=31 synaptome=31 mesh(open/bound)=30/30 roles=0 subs=0
[16:09:36] state=open peers=31 synaptome=31 mesh(open/bound)=30/30 roles=0 subs=0
[16:09:36] bindPeer {"nodeId":"15970994703848774592246866493473876051691332672624236131025511986378931529595588","meshId":"c1t"}
[16:09:36] auth-mesh-complete {"meshId":"c1t","peer":"89ed9ea9b91efe3eef2d34c440c0cf2190d9982493411ad85f346aa692a4fc3ac4"}
[16:09:37] state=open peers=32 synaptome=32 mesh(open/bound)=31/31 roles=0 subs=0
[16:09:38] state=open peers=32 synaptome=32 mesh(open/bound)=31/31 roles=0 subs=0
[16:09:38] bindPeer {"nodeId":"15958411745633219552863186994141989819737384318867498118332423073145098054928608","meshId":"c1u"}
[16:09:38] auth-mesh-complete {"meshId":"c1u","peer":"89d1ccf6050d201d02b16923e3c659c900167309e196c1352f2d1e09d0d65c08e0"}
[16:09:39] state=open peers=33 synaptome=33 mesh(open/bound)=32/32 roles=0 subs=0
[16:09:40] state=open peers=33 synaptome=33 mesh(open/bound)=32/32 roles=0 subs=0
[16:09:41] state=open peers=33 synaptome=33 mesh(open/bound)=32/32 roles=0 subs=0
[16:09:42] state=open peers=33 synaptome=33 mesh(open/bound)=32/32 roles=0 subs=0
[16:09:43] state=open peers=33 synaptome=33 mesh(open/bound)=32/32 roles=0 subs=0
[16:09:44] state=open peers=33 synaptome=33 mesh(open/bound)=32/32 roles=0 subs=0
[16:09:45] state=open peers=33 synaptome=33 mesh(open/bound)=32/32 roles=0 subs=0
[16:09:46] state=open peers=33 synaptome=33 mesh(open/bound)=32/32 roles=0 subs=0
[16:09:47] state=open peers=33 synaptome=33 mesh(open/bound)=32/32 roles=0 subs=0
[16:09:48] state=open peers=33 synaptome=33 mesh(open/bound)=32/32 roles=0 subs=0
[16:09:49] state=open peers=33 synaptome=33 mesh(open/bound)=32/32 roles=0 subs=0
[16:09:50] state=open peers=33 synaptome=33 mesh(open/bound)=32/32 roles=0 subs=0
[16:09:51] state=open peers=33 synaptome=33 mesh(open/bound)=32/32 roles=0 subs=0
[16:09:52] state=open peers=33 synaptome=33 mesh(open/bound)=32/32 roles=0 subs=0
[16:09:52] bindPeer {"nodeId":"15871662313071662174067607937511884466919439151224874339382513289678783750830782","meshId":"c1v"}
[16:09:52] auth-mesh-complete {"meshId":"c1v","peer":"89120285accaa2e87328ab213ae05ec38edef68731dd15b67c7da0710091937abe"}
[16:09:53] state=open peers=34 synaptome=34 mesh(open/bound)=33/33 roles=0 subs=0
[16:09:54] state=open peers=34 synaptome=34 mesh(open/bound)=33/33 roles=0 subs=0
[16:09:55] state=open peers=34 synaptome=34 mesh(open/bound)=33/33 roles=0 subs=0
[16:09:56] state=open peers=34 synaptome=34 mesh(open/bound)=33/33 roles=0 subs=0
[16:09:57] state=open peers=34 synaptome=34 mesh(open/bound)=33/33 roles=0 subs=0
[16:09:58] state=open peers=34 synaptome=34 mesh(open/bound)=33/33 roles=0 subs=0
[16:09:59] state=open peers=34 synaptome=34 mesh(open/bound)=33/33 roles=0 subs=0
[16:10:00] state=open peers=34 synaptome=34 mesh(open/bound)=33/33 roles=0 subs=0
[16:10:01] state=open peers=34 synaptome=34 mesh(open/bound)=33/33 roles=0 subs=0
[16:10:02] state=open peers=34 synaptome=34 mesh(open/bound)=33/33 roles=0 subs=0
[16:10:03] state=open peers=34 synaptome=34 mesh(open/bound)=33/33 roles=0 subs=0
[16:10:04] state=open peers=34 synaptome=34 mesh(open/bound)=33/33 roles=0 subs=0
[16:10:05] state=open peers=34 synaptome=34 mesh(open/bound)=33/33 roles=0 subs=0
[16:10:06] state=open peers=34 synaptome=34 mesh(open/bound)=33/33 roles=0 subs=0
[16:10:07] peer-leaving {"from":"890c75abcd214c01b202babf959d77962933c19e6da05b2af552fb3991b0b0af3c"}
[16:10:07] state=open peers=33 synaptome=33 mesh(open/bound)=33/32 roles=0 subs=0
[16:10:07] peer-lost-redundant-channel {"meshId":"c1j","nodeId":null}
[16:10:07] peer-leaving {"from":"897154977bc7aa1c48d9a312ace98c3640495ef3ffda051d34d652931df0b11446"}
[16:10:07] dc-close {"peerId":"c1j"}
[16:10:08] peer-lost-redundant-channel {"meshId":"c1k","nodeId":null}
[16:10:08] dc-close {"peerId":"c1k"}
[16:10:08] peer-leaving {"from":"8950945653bd7ae6e88102224ade1598b5dbe08b8e145c527afe41072a26053b9e"}
[16:10:08] state=open peers=31 synaptome=31 mesh(open/bound)=31/30 roles=0 subs=0
[16:10:08] peer-lost-redundant-channel {"meshId":"c1l","nodeId":null}
[16:10:08] dc-close {"peerId":"c1l"}
[16:10:08] peer-leaving {"from":"898372b894e0c73c06f437e0c9cdb5ff36d2694f31e60748c02a6a6a3fe8589ea9"}
[16:10:09] peer-lost-redundant-channel {"meshId":"c1m","nodeId":null}
[16:10:09] dc-close {"peerId":"c1m"}
[16:10:09] peer-leaving {"from":"89bc945590253ef8005cd376f632d1b371894c8f4ab52c21989e0b43cf2173d577"}
[16:10:09] state=open peers=29 synaptome=29 mesh(open/bound)=29/28 roles=0 subs=0
[16:10:09] dc-close {"peerId":"c1n"}
[16:10:09] peer-lost-redundant-channel {"meshId":"c1n","nodeId":null}
[16:10:09] peer-leaving {"from":"890c809db77040129ad3d7839c7b9e1be1edb0e601f2fdf58d22835edd7640f0a3"}
[16:10:10] peer-lost-redundant-channel {"meshId":"c1o","nodeId":null}
[16:10:10] dc-close {"peerId":"c1o"}
[16:10:10] peer-leaving {"from":"893a75ade37ead013a9d3b3bbbd49f3b321ff1bab53dd20e4133fd8405f3844a2d"}
[16:10:10] state=open peers=27 synaptome=27 mesh(open/bound)=27/26 roles=0 subs=0
[16:10:10] peer-lost-redundant-channel {"meshId":"c1p","nodeId":null}
[16:10:10] dc-close {"peerId":"c1p"}
[16:10:11] peer-leaving {"from":"896f2fc0d8a9751bc64b1f255de6622a83221b239378056614d08f358dddfe63b9"}
[16:10:11] state=open peers=26 synaptome=26 mesh(open/bound)=26/25 roles=0 subs=0
[16:10:11] peer-lost-redundant-channel {"meshId":"c1s","nodeId":null}
[16:10:11] dc-close {"peerId":"c1s"}
[16:10:12] peer-died-evicted {"peer":"89ed9ea9b91efe3eef2d34c440c0cf2190d9982493411ad85f346aa692a4fc3ac4"}
[16:10:12] peer-died-evicted {"peer":"89d1ccf6050d201d02b16923e3c659c900167309e196c1352f2d1e09d0d65c08e0"}
[16:10:12] peer-died-evicted {"peer":"89120285accaa2e87328ab213ae05ec38edef68731dd15b67c7da0710091937abe"}
[16:10:12] dc-close {"peerId":"c1t"}
[16:10:12] dc-close {"peerId":"c1u"}
[16:10:12] dc-close {"peerId":"c1v"}
[16:10:12] state=open peers=23 synaptome=23 mesh(open/bound)=22/22 roles=0 subs=0
[16:10:13] state=open peers=23 synaptome=23 mesh(open/bound)=22/22 roles=0 subs=0
[16:10:14] bindPeer {"nodeId":"15944287835614639888501424283197965567463309829587659840845495947304772928924258","meshId":"c1w"}
[16:10:14] auth-mesh-complete {"meshId":"c1w","peer":"89b2931c79ecafcbb20f56001c25f2a26cfe2bbeeacb444dbf6e0dc800c4f1ea62"}
[16:10:14] state=open peers=24 synaptome=24 mesh(open/bound)=23/23 roles=0 subs=0
[16:10:15] state=open peers=24 synaptome=24 mesh(open/bound)=23/23 roles=0 subs=0
[16:10:15] bindPeer {"nodeId":"15947233989397492154823367597602588889872035957326614719517416168701519488563104","meshId":"c1x"}
[16:10:15] auth-mesh-complete {"meshId":"c1x","peer":"89b916933f3f2fd8ae4fe3dfee7758365b515b020810a2259307c1430918cf37a0"}
[16:10:16] state=open peers=25 synaptome=25 mesh(open/bound)=24/24 roles=0 subs=0
[16:10:17] state=open peers=25 synaptome=25 mesh(open/bound)=24/24 roles=0 subs=0
[16:10:17] bindPeer {"nodeId":"15906189748929594245692651913554608179440279378609819009947658442000330753819917","meshId":"c1y"}
[16:10:17] auth-mesh-complete {"meshId":"c1y","peer":"895e585bbb4f01a64a6d533c0496ca49071148c6d48e2ef7947bbf0a5b6b17c50d"}
[16:10:18] state=open peers=26 synaptome=26 mesh(open/bound)=25/25 roles=0 subs=0
[16:10:19] state=open peers=26 synaptome=26 mesh(open/bound)=25/25 roles=0 subs=0
[16:10:19] bindPeer {"nodeId":"15954804586778247924267291993160872914097439891541189918661543436385872551850123","meshId":"c1z"}
[16:10:19] auth-mesh-complete {"meshId":"c1z","peer":"89c9d361a6f006664d3c9c5f6e145c8466c791c8d626347ae53240517954afb08b"}
[16:10:20] state=open peers=27 synaptome=27 mesh(open/bound)=26/26 roles=0 subs=0
[16:10:21] state=open peers=27 synaptome=27 mesh(open/bound)=26/26 roles=0 subs=0
[16:10:21] bindPeer {"nodeId":"15885787427690907831907179682924026461692346558132995032915583684784169958581737","meshId":"c20"}
[16:10:21] auth-mesh-complete {"meshId":"c20","peer":"89313d0dc10a4e3dad3ace570b695cec84159595769a6c7d357d86cd92d0cd25e9"}
[16:10:22] state=open peers=28 synaptome=28 mesh(open/bound)=27/27 roles=0 subs=0
[16:10:23] state=open peers=28 synaptome=28 mesh(open/bound)=27/27 roles=0 subs=0
[16:10:23] bindPeer {"nodeId":"15898691629765385084955135608073476541296489038798970905334047717719120766230597","meshId":"c21"}
[16:10:23] auth-mesh-complete {"meshId":"c21","peer":"894dc492c2157a8016733a6ed8f2341a422f6cd02735d2ef3da961c8f5c2e2e045"}
[16:10:24] state=open peers=29 synaptome=29 mesh(open/bound)=28/28 roles=0 subs=0
[16:10:25] state=open peers=29 synaptome=29 mesh(open/bound)=28/28 roles=0 subs=0
[16:10:25] bindPeer {"nodeId":"15946977988196090768918147340831326199067422938948396595334829864729857501570824","meshId":"c22"}
[16:10:25] auth-mesh-complete {"meshId":"c22","peer":"89b885af02f048bd8520b202790eb2c93d8952d96f17b8277e74fa97a3e5a22708"}
[16:10:26] state=open peers=30 synaptome=30 mesh(open/bound)=29/29 roles=0 subs=0
[16:10:27] bindPeer {"nodeId":"15885907166023671178089040992485469979571810516325916806564298472744879528504966","meshId":"c23"}
[16:10:27] auth-mesh-complete {"meshId":"c23","peer":"893180d2bea4d30622ac6c189f982d2e4371074c98af34d6362bece8c82e966e86"}
[16:10:27] state=open peers=31 synaptome=31 mesh(open/bound)=30/30 roles=0 subs=0
[16:10:28] state=open peers=31 synaptome=31 mesh(open/bound)=30/30 roles=0 subs=0
[16:10:29] bindPeer {"nodeId":"15921898355231975232773305640841831644921975020121890221828486384985489732610460","meshId":"c24"}
[16:10:29] auth-mesh-complete {"meshId":"c24","peer":"8981131d4a76bc044da2b708844d9f97b9280c1209488838a295ebe1220189299c"}
[16:10:29] state=open peers=32 synaptome=32 mesh(open/bound)=31/31 roles=0 subs=0
[16:10:30] state=open peers=32 synaptome=32 mesh(open/bound)=31/31 roles=0 subs=0
[16:10:31] bindPeer {"nodeId":"15908934157283949312939837807418758840912630829022126934216164190579821567459359","meshId":"c25"}
[16:10:31] auth-mesh-complete {"meshId":"c25","peer":"896469a36ec9d06c095352b7bd982a730f8f2ab6311e38dfa25e654138aef2c01f"}
[16:10:31] state=open peers=33 synaptome=33 mesh(open/bound)=32/32 roles=0 subs=0
[16:10:32] state=open peers=33 synaptome=33 mesh(open/bound)=32/32 roles=0 subs=0
[16:10:33] bindPeer {"nodeId":"15937304262368896145308983648050408229017943190815566289561813998870849344569126","meshId":"c26"}
[16:10:33] auth-mesh-complete {"meshId":"c26","peer":"89a3228c818e40582a5dcb57d9f812a2f579ea22d7d4f7dfcb3cbe366fade0ff26"}
[16:10:33] state=open peers=34 synaptome=34 mesh(open/bound)=33/33 roles=0 subs=0
[16:10:34] state=open peers=34 synaptome=34 mesh(open/bound)=33/33 roles=0 subs=0
[16:10:35] bindPeer {"nodeId":"15960988055113535961213652096081848685220649844381233458149039123719912643416780","meshId":"c27"}
[16:10:35] auth-mesh-complete {"meshId":"c27","peer":"89d77f19bac1835bc2c346496d135324553493bd9625ade3c689a9c0de6a1cd2cc"}
[16:10:35] state=open peers=35 synaptome=35 mesh(open/bound)=34/34 roles=0 subs=0
[16:10:36] state=open peers=35 synaptome=35 mesh(open/bound)=34/34 roles=0 subs=0
[16:10:37] bindPeer {"nodeId":"15941455530638133405200326336972866798557594682579797084711304559171586758334804","meshId":"c28"}
[16:10:37] auth-mesh-complete {"meshId":"c28","peer":"89ac50155b879de4ef1e54e8ffe62743baacc65e3dccb020d9e96086266658d954"}
[16:10:37] state=open peers=36 synaptome=36 mesh(open/bound)=35/35 roles=0 subs=0
[16:10:38] state=open peers=36 synaptome=36 mesh(open/bound)=35/35 roles=0 subs=0
[16:10:39] state=open peers=36 synaptome=36 mesh(open/bound)=35/35 roles=0 subs=0
[16:10:40] state=open peers=36 synaptome=36 mesh(open/bound)=35/35 roles=0 subs=0
[16:10:41] state=open peers=36 synaptome=36 mesh(open/bound)=35/35 roles=0 subs=0
[16:10:42] state=open peers=36 synaptome=36 mesh(open/bound)=35/35 roles=0 subs=0
[16:10:43] state=open peers=36 synaptome=36 mesh(open/bound)=35/35 roles=0 subs=0
[16:10:44] state=open peers=36 synaptome=36 mesh(open/bound)=35/35 roles=0 subs=0
[16:10:45] state=open peers=36 synaptome=36 mesh(open/bound)=35/35 roles=0 subs=0
[16:10:46] state=open peers=36 synaptome=36 mesh(open/bound)=35/35 roles=0 subs=0
[16:10:47] state=open peers=36 synaptome=36 mesh(open/bound)=35/35 roles=0 subs=0
[16:10:48] state=open peers=36 synaptome=36 mesh(open/bound)=35/35 roles=0 subs=0
[16:10:49] state=open peers=36 synaptome=36 mesh(open/bound)=35/35 roles=0 subs=0
[16:10:50] state=open peers=36 synaptome=36 mesh(open/bound)=35/35 roles=0 subs=0
[16:10:51] state=open peers=36 synaptome=36 mesh(open/bound)=35/35 roles=0 subs=0
[16:10:52] state=open peers=36 synaptome=36 mesh(open/bound)=35/35 roles=0 subs=0
[16:10:53] state=open peers=36 synaptome=36 mesh(open/bound)=35/35 roles=0 subs=0
[16:10:54] state=open peers=36 synaptome=36 mesh(open/bound)=35/35 roles=0 subs=0
[16:10:55] state=open peers=36 synaptome=36 mesh(open/bound)=35/35 roles=0 subs=0
[16:10:56] state=open peers=36 synaptome=36 mesh(open/bound)=35/35 roles=0 subs=0
[16:10:57] state=open peers=36 synaptome=36 mesh(open/bound)=35/35 roles=0 subs=0
[16:10:58] state=open peers=36 synaptome=36 mesh(open/bound)=35/35 roles=0 subs=0
[16:10:59] state=open peers=36 synaptome=36 mesh(open/bound)=35/35 roles=0 subs=0
[16:11:00] state=open peers=36 synaptome=36 mesh(open/bound)=35/35 roles=0 subs=0
[16:11:01] state=open peers=36 synaptome=36 mesh(open/bound)=35/35 roles=0 subs=0
[16:11:02] state=open peers=36 synaptome=36 mesh(open/bound)=35/35 roles=0 subs=0
[16:11:03] state=open peers=36 synaptome=36 mesh(open/bound)=35/35 roles=0 subs=0
[16:11:04] state=open peers=36 synaptome=36 mesh(open/bound)=35/35 roles=0 subs=0
[16:11:05] state=open peers=36 synaptome=36 mesh(open/bound)=35/35 roles=0 subs=0
[16:11:06] state=open peers=36 synaptome=36 mesh(open/bound)=35/35 roles=0 subs=0
[16:11:07] state=open peers=36 synaptome=36 mesh(open/bound)=35/35 roles=0 subs=0
[16:11:08] state=open peers=36 synaptome=36 mesh(open/bound)=35/35 roles=0 subs=0
[16:11:09] state=open peers=36 synaptome=36 mesh(open/bound)=35/35 roles=0 subs=0
[16:11:10] state=open peers=36 synaptome=36 mesh(open/bound)=35/35 roles=0 subs=0
[16:11:11] state=open peers=36 synaptome=36 mesh(open/bound)=35/35 roles=0 subs=0
[16:11:11] peer-leaving {"from":"89b916933f3f2fd8ae4fe3dfee7758365b515b020810a2259307c1430918cf37a0"}
[16:11:12] peer-lost-redundant-channel {"meshId":"c1x","nodeId":null}
[16:11:12] dc-close {"peerId":"c1x"}
[16:11:12] peer-leaving {"from":"895e585bbb4f01a64a6d533c0496ca49071148c6d48e2ef7947bbf0a5b6b17c50d"}
[16:11:12] state=open peers=34 synaptome=34 mesh(open/bound)=34/33 roles=0 subs=0
[16:11:12] peer-lost-redundant-channel {"meshId":"c1y","nodeId":null}
[16:11:12] dc-close {"peerId":"c1y"}
[16:11:13] peer-leaving {"from":"89c9d361a6f006664d3c9c5f6e145c8466c791c8d626347ae53240517954afb08b"}
[16:11:13] peer-lost-redundant-channel {"meshId":"c1z","nodeId":null}
[16:11:13] peer-leaving {"from":"89313d0dc10a4e3dad3ace570b695cec84159595769a6c7d357d86cd92d0cd25e9"}
[16:11:13] dc-close {"peerId":"c1z"}
[16:11:13] state=open peers=32 synaptome=32 mesh(open/bound)=32/31 roles=0 subs=0
[16:11:13] peer-lost-redundant-channel {"meshId":"c20","nodeId":null}
[16:11:13] dc-close {"peerId":"c20"}
[16:11:14] state=open peers=32 synaptome=32 mesh(open/bound)=31/31 roles=0 subs=0
[16:11:15] state=open peers=32 synaptome=32 mesh(open/bound)=31/31 roles=0 subs=0
[16:11:15] bindPeer {"nodeId":"15976230774688293010262293611395138371577345510704650645789652811505070009283867","meshId":"c29"}
[16:11:15] auth-mesh-complete {"meshId":"c29","peer":"89f9322c8ec13cd7e54dc73e62a12a186cd2a65d9b7fa4f498cf5e7e7cf224f51b"}
[16:11:16] state=open peers=33 synaptome=33 mesh(open/bound)=32/32 roles=0 subs=0
[16:11:17] state=open peers=33 synaptome=33 mesh(open/bound)=32/32 roles=0 subs=0
[16:11:17] bindPeer {"nodeId":"15946356359885178533678024597540943025973086270426675773931498750640677862557765","meshId":"c2a"}
[16:11:17] auth-mesh-complete {"meshId":"c2a","peer":"89b725dabf6555b3f168003a5061b80a245c09b1786d45885c743dde25cb5cc845"}
[16:11:18] state=open peers=34 synaptome=34 mesh(open/bound)=33/33 roles=0 subs=0
[16:11:19] bindPeer {"nodeId":"15961948053859139205707345779321460356528967115790536502466901496298025048151924","meshId":"c2b"}
[16:11:19] auth-mesh-complete {"meshId":"c2b","peer":"89d99e70c7463baff69193e32823e3d77e4d6cb22f570552d5b842ca36f5ed1774"}
[16:11:19] state=open peers=35 synaptome=35 mesh(open/bound)=34/34 roles=0 subs=0
[16:11:20] state=open peers=35 synaptome=35 mesh(open/bound)=34/34 roles=0 subs=0
[16:11:21] bindPeer {"nodeId":"15944870052594134279324646061254336159263543464337528641753049322337296102672857","meshId":"c2c"}
[16:11:21] auth-mesh-complete {"meshId":"c2c","peer":"89b3dca265f03513cf8f7e55d5d061a3992a4db0a420068dac107cf403dfd349d9"}
[16:11:21] state=open peers=36 synaptome=36 mesh(open/bound)=35/35 roles=0 subs=0
[16:11:22] state=open peers=36 synaptome=36 mesh(open/bound)=35/35 roles=0 subs=0
[16:11:23] state=open peers=36 synaptome=36 mesh(open/bound)=35/35 roles=0 subs=0
[16:11:24] state=open peers=36 synaptome=36 mesh(open/bound)=35/35 roles=0 subs=0
[16:11:25] state=open peers=36 synaptome=36 mesh(open/bound)=35/35 roles=0 subs=0
[16:11:26] state=open peers=36 synaptome=36 mesh(open/bound)=35/35 roles=0 subs=0
[16:11:27] state=open peers=36 synaptome=36 mesh(open/bound)=35/35 roles=0 subs=0
[16:11:28] state=open peers=36 synaptome=36 mesh(open/bound)=35/35 roles=0 subs=0
[16:11:29] state=open peers=36 synaptome=36 mesh(open/bound)=35/35 roles=0 subs=0
[16:11:30] state=open peers=36 synaptome=36 mesh(open/bound)=35/35 roles=0 subs=0
[16:11:31] state=open peers=36 synaptome=36 mesh(open/bound)=35/35 roles=0 subs=0
[16:11:32] state=open peers=36 synaptome=36 mesh(open/bound)=35/35 roles=0 subs=0
[16:11:33] state=open peers=36 synaptome=36 mesh(open/bound)=35/35 roles=0 subs=0
[16:11:33] peer-leaving {"from":"89b2931c79ecafcbb20f56001c25f2a26cfe2bbeeacb444dbf6e0dc800c4f1ea62"}
[16:11:34] peer-lost-redundant-channel {"meshId":"c1w","nodeId":null}
[16:11:34] dc-close {"peerId":"c1w"}
[16:11:34] peer-leaving {"from":"894dc492c2157a8016733a6ed8f2341a422f6cd02735d2ef3da961c8f5c2e2e045"}
[16:11:34] state=open peers=34 synaptome=34 mesh(open/bound)=34/33 roles=0 subs=0
[16:11:34] peer-lost-redundant-channel {"meshId":"c21","nodeId":null}
[16:11:34] dc-close {"peerId":"c21"}
[16:11:34] peer-leaving {"from":"89b885af02f048bd8520b202790eb2c93d8952d96f17b8277e74fa97a3e5a22708"}
[16:11:35] peer-lost-redundant-channel {"meshId":"c22","nodeId":null}
[16:11:35] dc-close {"peerId":"c22"}
[16:11:35] peer-leaving {"from":"893180d2bea4d30622ac6c189f982d2e4371074c98af34d6362bece8c82e966e86"}
[16:11:35] state=open peers=32 synaptome=32 mesh(open/bound)=32/31 roles=0 subs=0
[16:11:36] peer-lost-redundant-channel {"meshId":"c23","nodeId":null}
[16:11:36] peer-leaving {"from":"8981131d4a76bc044da2b708844d9f97b9280c1209488838a295ebe1220189299c"}
[16:11:36] dc-close {"peerId":"c23"}
[16:11:36] peer-lost-redundant-channel {"meshId":"c24","nodeId":null}
[16:11:36] dc-close {"peerId":"c24"}
[16:11:36] peer-leaving {"from":"896469a36ec9d06c095352b7bd982a730f8f2ab6311e38dfa25e654138aef2c01f"}
[16:11:36] state=open peers=30 synaptome=30 mesh(open/bound)=30/29 roles=0 subs=0
[16:11:36] peer-lost-redundant-channel {"meshId":"c25","nodeId":null}
[16:11:36] dc-close {"peerId":"c25"}
[16:11:37] peer-leaving {"from":"89a3228c818e40582a5dcb57d9f812a2f579ea22d7d4f7dfcb3cbe366fade0ff26"}
[16:11:37] peer-lost-redundant-channel {"meshId":"c26","nodeId":null}
[16:11:37] peer-leaving {"from":"89d77f19bac1835bc2c346496d135324553493bd9625ade3c689a9c0de6a1cd2cc"}
[16:11:37] dc-close {"peerId":"c26"}
[16:11:37] state=open peers=28 synaptome=28 mesh(open/bound)=28/27 roles=0 subs=0
[16:11:37] peer-lost-redundant-channel {"meshId":"c27","nodeId":null}
[16:11:37] dc-close {"peerId":"c27"}
[16:11:37] peer-leaving {"from":"89ac50155b879de4ef1e54e8ffe62743baacc65e3dccb020d9e96086266658d954"}
[16:11:38] peer-lost-redundant-channel {"meshId":"c28","nodeId":null}
[16:11:38] dc-close {"peerId":"c28"}
[16:11:38] peer-leaving {"from":"89f9322c8ec13cd7e54dc73e62a12a186cd2a65d9b7fa4f498cf5e7e7cf224f51b"}
[16:11:38] peer-lost-redundant-channel {"meshId":"c29","nodeId":null}
[16:11:38] dc-close {"peerId":"c29"}
[16:11:38] peer-leaving {"from":"89b725dabf6555b3f168003a5061b80a245c09b1786d45885c743dde25cb5cc845"}
[16:11:38] state=open peers=25 synaptome=25 mesh(open/bound)=25/24 roles=0 subs=0
[16:11:38] peer-lost-redundant-channel {"meshId":"c2a","nodeId":null}
[16:11:38] dc-close {"peerId":"c2a"}
[16:11:38] peer-leaving {"from":"89d99e70c7463baff69193e32823e3d77e4d6cb22f570552d5b842ca36f5ed1774"}
[16:11:39] peer-leaving {"from":"89b3dca265f03513cf8f7e55d5d061a3992a4db0a420068dac107cf403dfd349d9"}
[16:11:39] peer-lost-redundant-channel {"meshId":"c2b","nodeId":null}
[16:11:39] peer-lost-redundant-channel {"meshId":"c2c","nodeId":null}
[16:11:39] dc-close {"peerId":"c2b"}
[16:11:39] dc-close {"peerId":"c2c"}
[16:11:39] state=open peers=23 synaptome=23 mesh(open/bound)=22/22 roles=0 subs=0
[16:11:40] state=open peers=23 synaptome=23 mesh(open/bound)=22/22 roles=0 subs=0
[16:11:41] state=open peers=23 synaptome=23 mesh(open/bound)=22/22 roles=0 subs=0
[16:11:42] state=open peers=23 synaptome=23 mesh(open/bound)=22/22 roles=0 subs=0
[16:11:43] state=open peers=23 synaptome=23 mesh(open/bound)=22/22 roles=0 subs=0
[16:11:44] state=open peers=23 synaptome=23 mesh(open/bound)=22/22 roles=0 subs=0
[16:11:45] state=open peers=23 synaptome=23 mesh(open/bound)=22/22 roles=0 subs=0
[16:11:46] state=open peers=23 synaptome=23 mesh(open/bound)=22/22 roles=0 subs=0
[16:11:47] state=open peers=23 synaptome=23 mesh(open/bound)=22/22 roles=0 subs=0
[16:11:48] state=open peers=23 synaptome=23 mesh(open/bound)=22/22 roles=0 subs=0
[16:11:49] state=open peers=23 synaptome=23 mesh(open/bound)=22/22 roles=0 subs=0
[16:11:50] state=open peers=23 synaptome=23 mesh(open/bound)=22/22 roles=0 subs=0
[16:11:51] state=open peers=23 synaptome=23 mesh(open/bound)=22/22 roles=0 subs=0
[16:11:52] state=open peers=23 synaptome=23 mesh(open/bound)=22/22 roles=0 subs=0
[16:11:53] state=open peers=23 synaptome=23 mesh(open/bound)=22/22 roles=0 subs=0
[16:11:54] state=open peers=23 synaptome=23 mesh(open/bound)=22/22 roles=0 subs=0
[16:11:55] state=open peers=23 synaptome=23 mesh(open/bound)=22/22 roles=0 subs=0
[16:11:56] state=open peers=23 synaptome=23 mesh(open/bound)=22/22 roles=0 subs=0
[16:11:57] state=open peers=23 synaptome=23 mesh(open/bound)=22/22 roles=0 subs=0
[16:11:58] state=open peers=23 synaptome=23 mesh(open/bound)=22/22 roles=0 subs=0
[16:11:59] state=open peers=23 synaptome=23 mesh(open/bound)=22/22 roles=0 subs=0
[16:12:00] state=open peers=23 synaptome=23 mesh(open/bound)=22/22 roles=0 subs=0
[16:12:01] state=open peers=23 synaptome=23 mesh(open/bound)=22/22 roles=0 subs=0
[16:12:02] state=open peers=23 synaptome=23 mesh(open/bound)=22/22 roles=0 subs=0
[16:12:03] state=open peers=23 synaptome=23 mesh(open/bound)=22/22 roles=0 subs=0
[16:12:04] state=open peers=23 synaptome=23 mesh(open/bound)=22/22 roles=0 subs=0
[16:12:05] state=open peers=23 synaptome=23 mesh(open/bound)=22/22 roles=0 subs=0
[16:12:06] state=open peers=23 synaptome=23 mesh(open/bound)=22/22 roles=0 subs=0
[16:12:07] state=open peers=23 synaptome=23 mesh(open/bound)=22/22 roles=0 subs=0
[16:12:08] state=open peers=23 synaptome=23 mesh(open/bound)=22/22 roles=0 subs=0
[16:12:09] state=open peers=23 synaptome=23 mesh(open/bound)=22/22 roles=0 subs=0
[16:12:10] state=open peers=23 synaptome=23 mesh(open/bound)=22/22 roles=0 subs=0
[16:12:11] state=open peers=23 synaptome=23 mesh(open/bound)=22/22 roles=0 subs=0
[16:12:12] state=open peers=23 synaptome=23 mesh(open/bound)=22/22 roles=0 subs=0
[16:12:13] state=open peers=23 synaptome=23 mesh(open/bound)=22/22 roles=0 subs=0
[16:12:14] state=open peers=23 synaptome=23 mesh(open/bound)=22/22 roles=0 subs=0
[16:12:15] state=open peers=23 synaptome=23 mesh(open/bound)=22/22 roles=0 subs=0
[16:12:16] state=open peers=23 synaptome=23 mesh(open/bound)=22/22 roles=0 subs=0
[16:12:17] state=open peers=23 synaptome=23 mesh(open/bound)=22/22 roles=0 subs=0
[16:12:18] state=open peers=23 synaptome=23 mesh(open/bound)=22/22 roles=0 subs=0
[16:12:19] state=open peers=23 synaptome=23 mesh(open/bound)=22/22 roles=0 subs=0
[16:12:20] state=open peers=23 synaptome=23 mesh(open/bound)=22/22 roles=0 subs=0
[16:12:21] state=open peers=23 synaptome=23 mesh(open/bound)=22/22 roles=0 subs=0
[16:12:22] state=open peers=23 synaptome=23 mesh(open/bound)=22/22 roles=0 subs=0
[16:12:23] state=open peers=23 synaptome=23 mesh(open/bound)=22/22 roles=0 subs=0
[16:12:24] state=open peers=23 synaptome=23 mesh(open/bound)=22/22 roles=0 subs=0
[16:12:25] state=open peers=23 synaptome=23 mesh(open/bound)=22/22 roles=0 subs=0
[16:12:26] state=open peers=23 synaptome=23 mesh(open/bound)=22/22 roles=0 subs=0
[16:12:27] state=open peers=23 synaptome=23 mesh(open/bound)=22/22 roles=0 subs=0
[16:12:28] state=open peers=23 synaptome=23 mesh(open/bound)=22/22 roles=0 subs=0
[16:12:29] state=open peers=23 synaptome=23 mesh(open/bound)=22/22 roles=0 subs=0
[16:12:30] state=open peers=23 synaptome=23 mesh(open/bound)=22/22 roles=0 subs=0
[16:12:31] state=open peers=23 synaptome=23 mesh(open/bound)=22/22 roles=0 subs=0
[16:12:32] state=open peers=23 synaptome=23 mesh(open/bound)=22/22 roles=0 subs=0
[16:12:33] state=open peers=23 synaptome=23 mesh(open/bound)=22/22 roles=0 subs=0
[16:12:34] state=open peers=23 synaptome=23 mesh(open/bound)=22/22 roles=0 subs=0
[16:12:35] state=open peers=23 synaptome=23 mesh(open/bound)=22/22 roles=0 subs=0
[16:12:36] state=open peers=23 synaptome=23 mesh(open/bound)=22/22 roles=0 subs=0
[16:12:37] state=open peers=23 synaptome=23 mesh(open/bound)=22/22 roles=0 subs=0
[16:12:38] state=open peers=23 synaptome=23 mesh(open/bound)=22/22 roles=0 subs=0
[16:12:39] state=open peers=23 synaptome=23 mesh(open/bound)=22/22 roles=0 subs=0
[16:12:40] state=open peers=23 synaptome=23 mesh(open/bound)=22/22 roles=0 subs=0
[16:12:41] state=open peers=23 synaptome=23 mesh(open/bound)=22/22 roles=0 subs=0
[16:12:42] state=open peers=23 synaptome=23 mesh(open/bound)=22/22 roles=0 subs=0
[16:12:43] state=open peers=23 synaptome=23 mesh(open/bound)=22/22 roles=0 subs=0
[16:12:44] state=open peers=23 synaptome=23 mesh(open/bound)=22/22 roles=0 subs=0
[16:12:45] state=open peers=23 synaptome=23 mesh(open/bound)=22/22 roles=0 subs=0
[16:12:46] state=open peers=23 synaptome=23 mesh(open/bound)=22/22 roles=0 subs=0
[16:12:47] state=open peers=23 synaptome=23 mesh(open/bound)=22/22 roles=0 subs=0
[16:12:48] state=open peers=23 synaptome=23 mesh(open/bound)=22/22 roles=0 subs=0
[16:12:49] state=open peers=23 synaptome=23 mesh(open/bound)=22/22 roles=0 subs=0
[16:12:50] state=open peers=23 synaptome=23 mesh(open/bound)=22/22 roles=0 subs=0
[16:12:51] state=open peers=23 synaptome=23 mesh(open/bound)=22/22 roles=0 subs=0
[16:12:52] state=open peers=23 synaptome=23 mesh(open/bound)=22/22 roles=0 subs=0
[16:12:53] state=open peers=23 synaptome=23 mesh(open/bound)=22/22 roles=0 subs=0
[16:12:54] state=open peers=23 synaptome=23 mesh(open/bound)=22/22 roles=0 subs=0
[16:12:55] state=open peers=23 synaptome=23 mesh(open/bound)=22/22 roles=0 subs=0
[16:12:56] state=open peers=23 synaptome=23 mesh(open/bound)=22/22 roles=0 subs=0
[16:12:57] state=open peers=23 synaptome=23 mesh(open/bound)=22/22 roles=0 subs=0
[16:12:58] state=open peers=23 synaptome=23 mesh(open/bound)=22/22 roles=0 subs=0
[16:12:59] state=open peers=23 synaptome=23 mesh(open/bound)=22/22 roles=0 subs=0
[16:13:00] state=open peers=23 synaptome=23 mesh(open/bound)=22/22 roles=0 subs=0
[16:13:01] state=open peers=23 synaptome=23 mesh(open/bound)=22/22 roles=0 subs=0
[16:13:02] state=open peers=23 synaptome=23 mesh(open/bound)=22/22 roles=0 subs=0
[16:13:03] state=open peers=23 synaptome=23 mesh(open/bound)=22/22 roles=0 subs=0
[16:13:04] state=open peers=23 synaptome=23 mesh(open/bound)=22/22 roles=0 subs=0
[16:13:05] state=open peers=23 synaptome=23 mesh(open/bound)=22/22 roles=0 subs=0
[16:13:06] state=open peers=23 synaptome=23 mesh(open/bound)=22/22 roles=0 subs=0
[16:13:07] state=open peers=23 synaptome=23 mesh(open/bound)=22/22 roles=0 subs=0
[16:13:08] state=open peers=23 synaptome=23 mesh(open/bound)=22/22 roles=0 subs=0
[16:13:09] state=open peers=23 synaptome=23 mesh(open/bound)=22/22 roles=0 subs=0
[16:13:10] state=open peers=23 synaptome=23 mesh(open/bound)=22/22 roles=0 subs=0
[16:13:11] state=open peers=23 synaptome=23 mesh(open/bound)=22/22 roles=0 subs=0
[16:13:12] state=open peers=23 synaptome=23 mesh(open/bound)=22/22 roles=0 subs=0
[16:13:13] state=open peers=23 synaptome=23 mesh(open/bound)=22/22 roles=0 subs=0
[16:13:14] state=open peers=23 synaptome=23 mesh(open/bound)=22/22 roles=0 subs=0
[16:13:15] state=open peers=23 synaptome=23 mesh(open/bound)=22/22 roles=0 subs=0
[16:13:16] state=open peers=23 synaptome=23 mesh(open/bound)=22/22 roles=0 subs=0
[16:13:17] state=open peers=23 synaptome=23 mesh(open/bound)=22/22 roles=0 subs=0
[16:13:18] state=open peers=23 synaptome=23 mesh(open/bound)=22/22 roles=0 subs=0
[16:13:19] state=open peers=23 synaptome=23 mesh(open/bound)=22/22 roles=0 subs=0
[16:13:20] state=open peers=23 synaptome=23 mesh(open/bound)=22/22 roles=0 subs=0
[16:13:21] state=open peers=23 synaptome=23 mesh(open/bound)=22/22 roles=0 subs=0
[16:13:22] state=open peers=23 synaptome=23 mesh(open/bound)=22/22 roles=0 subs=0
[16:13:23] state=open peers=23 synaptome=23 mesh(open/bound)=22/22 roles=0 subs=0
[16:13:24] state=open peers=23 synaptome=23 mesh(open/bound)=22/22 roles=0 subs=0
[16:13:25] state=open peers=23 synaptome=23 mesh(open/bound)=22/22 roles=0 subs=0
[16:13:26] state=open peers=23 synaptome=23 mesh(open/bound)=22/22 roles=0 subs=0
[16:13:27] state=open peers=23 synaptome=23 mesh(open/bound)=22/22 roles=0 subs=0
[16:13:28] state=open peers=23 synaptome=23 mesh(open/bound)=22/22 roles=0 subs=0
[16:13:29] state=open peers=23 synaptome=23 mesh(open/bound)=22/22 roles=0 subs=0
[16:13:30] state=open peers=23 synaptome=23 mesh(open/bound)=22/22 roles=0 subs=0
[16:13:31] state=open peers=23 synaptome=23 mesh(open/bound)=22/22 roles=0 subs=0
[16:13:32] state=open peers=23 synaptome=23 mesh(open/bound)=22/22 roles=0 subs=0
[16:13:33] state=open peers=23 synaptome=23 mesh(open/bound)=22/22 roles=0 subs=0
[16:13:34] state=open peers=23 synaptome=23 mesh(open/bound)=22/22 roles=0 subs=0
[16:13:35] state=open peers=23 synaptome=23 mesh(open/bound)=22/22 roles=0 subs=0
[16:13:36] state=open peers=23 synaptome=23 mesh(open/bound)=22/22 roles=0 subs=0
[16:13:37] state=open peers=23 synaptome=23 mesh(open/bound)=22/22 roles=0 subs=0
[16:13:38] state=open peers=23 synaptome=23 mesh(open/bound)=22/22 roles=0 subs=0
[16:13:39] state=open peers=23 synaptome=23 mesh(open/bound)=22/22 roles=0 subs=0
[16:13:40] state=open peers=23 synaptome=23 mesh(open/bound)=22/22 roles=0 subs=0
[16:13:41] state=open peers=23 synaptome=23 mesh(open/bound)=22/22 roles=0 subs=0
[16:13:42] bindPeer {"nodeId":"15893964117409678944014004468935479028928196542854757652681181591400604347536729","meshId":"c2e"}
[16:13:42] auth-mesh-complete {"meshId":"c2e","peer":"894350e56702f450f6324565579979d84a011a1c241bb6c37185a7b847836a1559"}
[16:13:42] state=open peers=24 synaptome=24 mesh(open/bound)=23/23 roles=0 subs=0
[16:13:43] state=open peers=24 synaptome=24 mesh(open/bound)=23/23 roles=0 subs=0
[16:13:44] bindPeer {"nodeId":"15887966521886336722289949255909519725919695658392644030139422751787091275501646","meshId":"c2f"}
[16:13:44] auth-mesh-complete {"meshId":"c2f","peer":"89360e6098f76481687bda34c716bcf178371ed7673df78fa67da4c25ca7eb504e"}
[16:13:44] state=open peers=25 synaptome=25 mesh(open/bound)=24/24 roles=0 subs=0
[16:13:45] state=open peers=25 synaptome=25 mesh(open/bound)=24/24 roles=0 subs=0
[16:13:46] bindPeer {"nodeId":"15868909221131700044266349585311238268561685079992727560458888166744595624484910","meshId":"c2g"}
[16:13:46] auth-mesh-complete {"meshId":"c2g","peer":"890bec53cd386bb22a41623c49ad3eac99ce4faa47bae62834f3f21d657b89e02e"}
[16:13:46] state=open peers=26 synaptome=26 mesh(open/bound)=25/25 roles=0 subs=0
[16:13:47] state=open peers=26 synaptome=26 mesh(open/bound)=25/25 roles=0 subs=0
[16:13:48] bindPeer {"nodeId":"15978661117405855136247845504508219736791018712866006866015535284509339242345483","meshId":"c2h"}
[16:13:48] auth-mesh-complete {"meshId":"c2h","peer":"89fe91b30451434776bfa0f7b393b2b0d96e32620dad9ec2bbeca1dfec042e340b"}
[16:13:48] state=open peers=27 synaptome=27 mesh(open/bound)=26/26 roles=0 subs=0
[16:13:49] state=open peers=27 synaptome=27 mesh(open/bound)=26/26 roles=0 subs=0
[16:13:50] bindPeer {"nodeId":"15913824608342478274837539646752287096357446119045084007553291322725982275699108","meshId":"c2i"}
[16:13:50] auth-mesh-complete {"meshId":"c2i","peer":"896f39891e3f660c4702d9462e04a2f9e5ebf8eb6f44f3521f5bcb0ce622a101a4"}
[16:13:50] state=open peers=28 synaptome=28 mesh(open/bound)=27/27 roles=0 subs=0
[16:13:51] state=open peers=28 synaptome=28 mesh(open/bound)=27/27 roles=0 subs=0
[16:13:51] bindPeer {"nodeId":"15918009960291137708663261419752692326590142760931537757640607907973429464469482","meshId":"c2j"}
[16:13:51] auth-mesh-complete {"meshId":"c2j","peer":"89787a5c6227bdf806bf603d3eff089116508018dbaa73d179d83a5092f3d50fea"}
[16:13:52] state=open peers=29 synaptome=29 mesh(open/bound)=28/28 roles=0 subs=0
[16:13:53] state=open peers=29 synaptome=29 mesh(open/bound)=28/28 roles=0 subs=0
[16:13:53] bindPeer {"nodeId":"15887680551284351355310868959179611842530895420869092766654268921206602400009982","meshId":"c2k"}
[16:13:53] auth-mesh-complete {"meshId":"c2k","peer":"89356c8611cef1e0c3452e4855162156c36f10bd6d67a9a0a2f4232f86843c0efe"}
[16:13:54] state=open peers=30 synaptome=30 mesh(open/bound)=29/29 roles=0 subs=0
[16:13:55] bindPeer {"nodeId":"15883652223189993869762717550505806014936359222588765002245888145641860038664927","meshId":"c2l"}
[16:13:55] auth-mesh-complete {"meshId":"c2l","peer":"892c8492205cd36b9f7e1a692884dbe7c49ffd1f80a9d4f2697cd63e0e400822df"}
[16:13:55] state=open peers=31 synaptome=31 mesh(open/bound)=30/30 roles=0 subs=0
[16:13:56] state=open peers=31 synaptome=31 mesh(open/bound)=30/30 roles=0 subs=0
[16:13:57] state=open peers=31 synaptome=31 mesh(open/bound)=30/30 roles=0 subs=0
[16:13:57] bindPeer {"nodeId":"15929086631910197252309278506880597068045838609058531137184559652792199289567038","meshId":"c2m"}
[16:13:57] auth-mesh-complete {"meshId":"c2m","peer":"8990f788eb240e8cdd83a5e89d559b51ea45e62c56c8978b56a4cabdcb5628f73e"}
[16:13:58] state=open peers=32 synaptome=32 mesh(open/bound)=31/31 roles=0 subs=0
[16:13:59] state=open peers=32 synaptome=32 mesh(open/bound)=31/31 roles=0 subs=0
[16:13:59] bindPeer {"nodeId":"15929000562154650536434181867405866661380107878823100239652244756251461019170713","meshId":"c2n"}
[16:13:59] auth-mesh-complete {"meshId":"c2n","peer":"8990c6d2327966ea33ae37134b55deaf11a741f0fce3432c77f475cd94a8baf799"}
[16:14:00] state=open peers=33 synaptome=33 mesh(open/bound)=32/32 roles=0 subs=0
[16:14:01] bindPeer {"nodeId":"15959865750186482107815017036386008406337403554091427358304835326025858039214672","meshId":"c2o"}
[16:14:01] auth-mesh-complete {"meshId":"c2o","peer":"89d503e5ff5f45f35f609a2e0ab9ee698ff41cf50f631150f273e97a3c9730f250"}
[16:14:01] state=open peers=34 synaptome=34 mesh(open/bound)=33/33 roles=0 subs=0
[16:14:02] state=open peers=34 synaptome=34 mesh(open/bound)=33/33 roles=0 subs=0
[16:14:03] bindPeer {"nodeId":"15914281990887258181188016354039311561184433679867004342147933625571384237606061","meshId":"c2p"}
[16:14:03] auth-mesh-complete {"meshId":"c2p","peer":"89703c67abbb1590c731380b6a0f7e368e494eb2cbca884c2830db57916675c4ad"}
[16:14:03] state=open peers=35 synaptome=35 mesh(open/bound)=34/34 roles=0 subs=0
[16:14:04] state=open peers=35 synaptome=35 mesh(open/bound)=34/34 roles=0 subs=0
[16:14:05] bindPeer {"nodeId":"15936666362774855542854545799442352039361049399867851313911386090337393948129184","meshId":"c2q"}
[16:14:05] auth-mesh-complete {"meshId":"c2q","peer":"89a1b982ae940bcf3f6b2747f463b536da2502ef261210c2d374d775e5055e77a0"}
[16:14:05] state=open peers=36 synaptome=36 mesh(open/bound)=35/35 roles=0 subs=0
[16:14:06] state=open peers=36 synaptome=36 mesh(open/bound)=35/35 roles=0 subs=0
[16:14:07] state=open peers=36 synaptome=36 mesh(open/bound)=35/35 roles=0 subs=0
[16:14:08] state=open peers=36 synaptome=36 mesh(open/bound)=35/35 roles=0 subs=0
[16:14:09] state=open peers=36 synaptome=36 mesh(open/bound)=35/35 roles=0 subs=0
[16:14:10] state=open peers=36 synaptome=36 mesh(open/bound)=35/35 roles=0 subs=0
[16:14:11] state=open peers=36 synaptome=36 mesh(open/bound)=35/35 roles=0 subs=0
[16:14:12] state=open peers=36 synaptome=36 mesh(open/bound)=35/35 roles=0 subs=0
[16:14:13] state=open peers=36 synaptome=36 mesh(open/bound)=35/35 roles=0 subs=0
[16:14:14] state=open peers=36 synaptome=36 mesh(open/bound)=35/35 roles=0 subs=0
[16:14:15] state=open peers=36 synaptome=36 mesh(open/bound)=35/35 roles=0 subs=0
[16:14:16] state=open peers=36 synaptome=36 mesh(open/bound)=35/35 roles=0 subs=0
[16:14:17] state=open peers=36 synaptome=36 mesh(open/bound)=35/35 roles=0 subs=0
[16:14:18] state=open peers=36 synaptome=36 mesh(open/bound)=35/35 roles=0 subs=0
[16:14:19] state=open peers=36 synaptome=36 mesh(open/bound)=35/35 roles=0 subs=0
[16:14:20] state=open peers=36 synaptome=36 mesh(open/bound)=35/35 roles=0 subs=0
[16:14:21] state=open peers=36 synaptome=36 mesh(open/bound)=35/35 roles=0 subs=0
[16:14:22] state=open peers=36 synaptome=36 mesh(open/bound)=35/35 roles=0 subs=0
[16:14:23] state=open peers=36 synaptome=36 mesh(open/bound)=35/35 roles=0 subs=0
[16:14:24] state=open peers=36 synaptome=36 mesh(open/bound)=35/35 roles=0 subs=0
[16:14:25] state=open peers=36 synaptome=36 mesh(open/bound)=35/35 roles=0 subs=0
[16:14:26] state=open peers=36 synaptome=36 mesh(open/bound)=35/35 roles=0 subs=0
[16:14:27] state=open peers=36 synaptome=36 mesh(open/bound)=35/35 roles=0 subs=0
[16:14:28] state=open peers=36 synaptome=36 mesh(open/bound)=35/35 roles=0 subs=0
[16:14:29] state=open peers=36 synaptome=36 mesh(open/bound)=35/35 roles=0 subs=0
[16:14:30] state=open peers=36 synaptome=36 mesh(open/bound)=35/35 roles=0 subs=0
[16:14:31] state=open peers=36 synaptome=36 mesh(open/bound)=35/35 roles=0 subs=0
[16:14:32] state=open peers=36 synaptome=36 mesh(open/bound)=35/35 roles=0 subs=0
[16:14:33] state=open peers=36 synaptome=36 mesh(open/bound)=35/35 roles=0 subs=0
[16:14:34] state=open peers=36 synaptome=36 mesh(open/bound)=35/35 roles=0 subs=0
[16:14:35] state=open peers=36 synaptome=36 mesh(open/bound)=35/35 roles=0 subs=0
[16:14:36] state=open peers=36 synaptome=36 mesh(open/bound)=35/35 roles=0 subs=0
[16:14:37] state=open peers=36 synaptome=36 mesh(open/bound)=35/35 roles=0 subs=0
[16:14:38] state=open peers=36 synaptome=36 mesh(open/bound)=35/35 roles=0 subs=0
[16:14:39] state=open peers=36 synaptome=36 mesh(open/bound)=35/35 roles=0 subs=0
[16:14:40] state=open peers=36 synaptome=36 mesh(open/bound)=35/35 roles=0 subs=0
[16:14:41] state=open peers=36 synaptome=36 mesh(open/bound)=35/35 roles=0 subs=0
[16:14:42] state=open peers=36 synaptome=36 mesh(open/bound)=35/35 roles=0 subs=0
[16:14:43] state=open peers=36 synaptome=36 mesh(open/bound)=35/35 roles=0 subs=0
[16:14:44] state=open peers=36 synaptome=36 mesh(open/bound)=35/35 roles=0 subs=0
[16:14:45] state=open peers=36 synaptome=36 mesh(open/bound)=35/35 roles=0 subs=0
[16:14:46] state=open peers=36 synaptome=36 mesh(open/bound)=35/35 roles=0 subs=0
[16:14:47] state=open peers=36 synaptome=36 mesh(open/bound)=35/35 roles=0 subs=0
[16:14:48] state=open peers=36 synaptome=36 mesh(open/bound)=35/35 roles=0 subs=0
[16:14:49] state=open peers=36 synaptome=36 mesh(open/bound)=35/35 roles=0 subs=0
[16:14:50] state=open peers=36 synaptome=36 mesh(open/bound)=35/35 roles=0 subs=0
[16:14:51] state=open peers=36 synaptome=36 mesh(open/bound)=35/35 roles=0 subs=0
[16:14:52] state=open peers=36 synaptome=36 mesh(open/bound)=35/35 roles=0 subs=0
[16:14:53] state=open peers=36 synaptome=36 mesh(open/bound)=35/35 roles=0 subs=0
[16:14:54] state=open peers=36 synaptome=36 mesh(open/bound)=35/35 roles=0 subs=0
[16:14:55] state=open peers=36 synaptome=36 mesh(open/bound)=35/35 roles=0 subs=0
[16:14:56] state=open peers=36 synaptome=36 mesh(open/bound)=35/35 roles=0 subs=0
[16:14:57] state=open peers=36 synaptome=36 mesh(open/bound)=35/35 roles=0 subs=0
[16:14:58] state=open peers=36 synaptome=36 mesh(open/bound)=35/35 roles=0 subs=0
[16:14:59] state=open peers=36 synaptome=36 mesh(open/bound)=35/35 roles=0 subs=0
[16:15:00] state=open peers=36 synaptome=36 mesh(open/bound)=35/35 roles=0 subs=0
[16:15:01] state=open peers=36 synaptome=36 mesh(open/bound)=35/35 roles=0 subs=0
[16:15:02] state=open peers=36 synaptome=36 mesh(open/bound)=35/35 roles=0 subs=0
[16:15:03] state=open peers=36 synaptome=36 mesh(open/bound)=35/35 roles=0 subs=0
[16:15:04] state=open peers=36 synaptome=36 mesh(open/bound)=35/35 roles=0 subs=0
[16:15:05] state=open peers=36 synaptome=36 mesh(open/bound)=35/35 roles=0 subs=0
[16:15:06] state=open peers=36 synaptome=36 mesh(open/bound)=35/35 roles=0 subs=0
[16:15:07] state=open peers=36 synaptome=36 mesh(open/bound)=35/35 roles=0 subs=0
[16:15:08] state=open peers=36 synaptome=36 mesh(open/bound)=35/35 roles=0 subs=0
